# JRE version: OpenJDK Runtime Environment (8.0_242-b01) (build 1.8.0_242-release-1644-b01)
# Java VM: OpenJDK 64-Bit Server VM (25.242-b01 mixed mode windows-amd64 compressed oops)
Heap:
 PSYoungGen      total 302592K, used 198373K [0x00000000d5580000, 0x00000000ec000000, 0x0000000100000000)
  eden space 275456K, 62% used [0x00000000d5580000,0x00000000dfcbeeb0,0x00000000e6280000)
  from space 27136K, 99% used [0x00000000e8980000,0x00000000ea3fa770,0x00000000ea400000)
  to   space 39936K, 0% used [0x00000000e6280000,0x00000000e6280000,0x00000000e8980000)
 ParOldGen       total 144384K, used 62809K [0x0000000080000000, 0x0000000088d00000, 0x00000000d5580000)
  object space 144384K, 43% used [0x0000000080000000,0x0000000083d56488,0x0000000088d00000)
 Metaspace       used 79665K, capacity 83624K, committed 83736K, reserved 1122304K
  class space    used 11024K, capacity 11799K, committed 11824K, reserved 1048576K
GC Heap History (10 events):
Event: 7.014 GC heap before
{Heap before GC invocations=11 (full 2):
 PSYoungGen      total 220672K, used 207360K [0x00000000d5580000, 0x00000000e3d80000, 0x0000000100000000)
  eden space 207360K, 100% used [0x00000000d5580000,0x00000000e2000000,0x00000000e2000000)
  from space 13312K, 0% used [0x00000000e2d80000,0x00000000e2d80000,0x00000000e3a80000)
  to   space 13824K, 0% used [0x00000000e2000000,0x00000000e2000000,0x00000000e2d80000)
 ParOldGen       total 89088K, used 15252K [0x0000000080000000, 0x0000000085700000, 0x00000000d5580000)
  object space 89088K, 17% used [0x0000000080000000,0x0000000080ee5340,0x0000000085700000)
 Metaspace       used 45442K, capacity 47198K, committed 47528K, reserved 1089536K
  class space    used 6137K, capacity 6477K, committed 6576K, reserved 1048576K
Event: 7.035 GC heap after
Heap after GC invocations=11 (full 2):
 PSYoungGen      total 221184K, used 13793K [0x00000000d5580000, 0x00000000e6d80000, 0x0000000100000000)
  eden space 207360K, 0% used [0x00000000d5580000,0x00000000d5580000,0x00000000e2000000)
  from space 13824K, 99% used [0x00000000e2000000,0x00000000e2d787c0,0x00000000e2d80000)
  to   space 17408K, 0% used [0x00000000e5c80000,0x00000000e5c80000,0x00000000e6d80000)
 ParOldGen       total 89088K, used 19885K [0x0000000080000000, 0x0000000085700000, 0x00000000d5580000)
  object space 89088K, 22% used [0x0000000080000000,0x000000008136b500,0x0000000085700000)
 Metaspace       used 45442K, capacity 47198K, committed 47528K, reserved 1089536K
  class space    used 6137K, capacity 6477K, committed 6576K, reserved 1048576K
}
Event: 9.246 GC heap before
{Heap before GC invocations=12 (full 2):
 PSYoungGen      total 221184K, used 157972K [0x00000000d5580000, 0x00000000e6d80000, 0x0000000100000000)
  eden space 207360K, 69% used [0x00000000d5580000,0x00000000de24cb10,0x00000000e2000000)
  from space 13824K, 99% used [0x00000000e2000000,0x00000000e2d787c0,0x00000000e2d80000)
  to   space 17408K, 0% used [0x00000000e5c80000,0x00000000e5c80000,0x00000000e6d80000)
 ParOldGen       total 89088K, used 19885K [0x0000000080000000, 0x0000000085700000, 0x00000000d5580000)
  object space 89088K, 22% used [0x0000000080000000,0x000000008136b500,0x0000000085700000)
 Metaspace       used 56922K, capacity 59082K, committed 59160K, reserved 1099776K
  class space    used 7711K, capacity 8180K, committed 8240K, reserved 1048576K
Event: 9.274 GC heap after
Heap after GC invocations=12 (full 2):
 PSYoungGen      total 263168K, used 17388K [0x00000000d5580000, 0x00000000e7600000, 0x0000000100000000)
  eden space 245760K, 0% used [0x00000000d5580000,0x00000000d5580000,0x00000000e4580000)
  from space 17408K, 99% used [0x00000000e5c80000,0x00000000e6d7b310,0x00000000e6d80000)
  to   space 23552K, 0% used [0x00000000e4580000,0x00000000e4580000,0x00000000e5c80000)
 ParOldGen       total 89088K, used 29610K [0x0000000080000000, 0x0000000085700000, 0x00000000d5580000)
  object space 89088K, 33% used [0x0000000080000000,0x0000000081ceabb0,0x0000000085700000)
 Metaspace       used 56922K, capacity 59082K, committed 59160K, reserved 1099776K
  class space    used 7711K, capacity 8180K, committed 8240K, reserved 1048576K
}
Event: 9.274 GC heap before
{Heap before GC invocations=13 (full 3):
 PSYoungGen      total 263168K, used 17388K [0x00000000d5580000, 0x00000000e7600000, 0x0000000100000000)
  eden space 245760K, 0% used [0x00000000d5580000,0x00000000d5580000,0x00000000e4580000)
  from space 17408K, 99% used [0x00000000e5c80000,0x00000000e6d7b310,0x00000000e6d80000)
  to   space 23552K, 0% used [0x00000000e4580000,0x00000000e4580000,0x00000000e5c80000)
 ParOldGen       total 89088K, used 29610K [0x0000000080000000, 0x0000000085700000, 0x00000000d5580000)
  object space 89088K, 33% used [0x0000000080000000,0x0000000081ceabb0,0x0000000085700000)
 Metaspace       used 56922K, capacity 59082K, committed 59160K, reserved 1099776K
  class space    used 7711K, capacity 8180K, committed 8240K, reserved 1048576K
Event: 9.501 GC heap after
Heap after GC invocations=13 (full 3):
 PSYoungGen      total 263168K, used 0K [0x00000000d5580000, 0x00000000e7600000, 0x0000000100000000)
  eden space 245760K, 0% used [0x00000000d5580000,0x00000000d5580000,0x00000000e4580000)
  from space 17408K, 0% used [0x00000000e5c80000,0x00000000e5c80000,0x00000000e6d80000)
  to   space 23552K, 0% used [0x00000000e4580000,0x00000000e4580000,0x00000000e5c80000)
 ParOldGen       total 144384K, used 39549K [0x0000000080000000, 0x0000000088d00000, 0x00000000d5580000)
  object space 144384K, 27% used [0x0000000080000000,0x000000008269f688,0x0000000088d00000)
 Metaspace       used 56911K, capacity 59046K, committed 59160K, reserved 1099776K
  class space    used 7707K, capacity 8174K, committed 8240K, reserved 1048576K
}
Event: 12.909 GC heap before
{Heap before GC invocations=14 (full 3):
 PSYoungGen      total 263168K, used 245760K [0x00000000d5580000, 0x00000000e7600000, 0x0000000100000000)
  eden space 245760K, 100% used [0x00000000d5580000,0x00000000e4580000,0x00000000e4580000)
  from space 17408K, 0% used [0x00000000e5c80000,0x00000000e5c80000,0x00000000e6d80000)
  to   space 23552K, 0% used [0x00000000e4580000,0x00000000e4580000,0x00000000e5c80000)
 ParOldGen       total 144384K, used 39549K [0x0000000080000000, 0x0000000088d00000, 0x00000000d5580000)
  object space 144384K, 27% used [0x0000000080000000,0x000000008269f688,0x0000000088d00000)
 Metaspace       used 66521K, capacity 69522K, committed 69656K, reserved 1110016K
  class space    used 9110K, capacity 9690K, committed 9776K, reserved 1048576K
Event: 12.945 GC heap after
Heap after GC invocations=14 (full 3):
 PSYoungGen      total 269312K, used 22678K [0x00000000d5580000, 0x00000000ea400000, 0x0000000100000000)
  eden space 245760K, 0% used [0x00000000d5580000,0x00000000d5580000,0x00000000e4580000)
  from space 23552K, 96% used [0x00000000e4580000,0x00000000e5ba5928,0x00000000e5c80000)
  to   space 27136K, 0% used [0x00000000e8980000,0x00000000e8980000,0x00000000ea400000)
 ParOldGen       total 144384K, used 39557K [0x0000000080000000, 0x0000000088d00000, 0x00000000d5580000)
  object space 144384K, 27% used [0x0000000080000000,0x00000000826a1688,0x0000000088d00000)
 Metaspace       used 66521K, capacity 69522K, committed 69656K, reserved 1110016K
  class space    used 9110K, capacity 9690K, committed 9776K, reserved 1048576K
}
Event: 14.939 GC heap before
{Heap before GC invocations=15 (full 3):
 PSYoungGen      total 269312K, used 268438K [0x00000000d5580000, 0x00000000ea400000, 0x0000000100000000)
  eden space 245760K, 100% used [0x00000000d5580000,0x00000000e4580000,0x00000000e4580000)
  from space 23552K, 96% used [0x00000000e4580000,0x00000000e5ba5928,0x00000000e5c80000)
  to   space 27136K, 0% used [0x00000000e8980000,0x00000000e8980000,0x00000000ea400000)
 ParOldGen       total 144384K, used 39557K [0x0000000080000000, 0x0000000088d00000, 0x00000000d5580000)
  object space 144384K, 27% used [0x0000000080000000,0x00000000826a1688,0x0000000088d00000)
 Metaspace       used 74180K, capacity 77592K, committed 77720K, reserved 1116160K
  class space    used 10168K, capacity 10803K, committed 10928K, reserved 1048576K
Event: 14.993 GC heap after
Heap after GC invocations=15 (full 3):
 PSYoungGen      total 302592K, used 27113K [0x00000000d5580000, 0x00000000ec000000, 0x0000000100000000)
  eden space 275456K, 0% used [0x00000000d5580000,0x00000000d5580000,0x00000000e6280000)
  from space 27136K, 99% used [0x00000000e8980000,0x00000000ea3fa770,0x00000000ea400000)
  to   space 39936K, 0% used [0x00000000e6280000,0x00000000e6280000,0x00000000e8980000)
 ParOldGen       total 144384K, used 62809K [0x0000000080000000, 0x0000000088d00000, 0x00000000d5580000)
  object space 144384K, 43% used [0x0000000080000000,0x0000000083d56488,0x0000000088d00000)
 Metaspace       used 74180K, capacity 77592K, committed 77720K, reserved 1116160K
  class space    used 10168K, capacity 10803K, committed 10928K, reserved 1048576K
}

