# JRE version: OpenJDK Runtime Environment (8.0_242-b01) (build 1.8.0_242-release-1644-b01)
# Java VM: OpenJDK 64-Bit Server VM (25.242-b01 mixed mode windows-amd64 compressed oops)
Heap:
 PSYoungGen      total 472576K, used 55896K [0x00000000d5580000, 0x00000000f6d00000, 0x0000000100000000)
  eden space 448000K, 12% used [0x00000000d5580000,0x00000000d8c16348,0x00000000f0b00000)
  from space 24576K, 0% used [0x00000000f2a80000,0x00000000f2a80000,0x00000000f4280000)
  to   space 32256K, 0% used [0x00000000f0b00000,0x00000000f0b00000,0x00000000f2a80000)
 ParOldGen       total 121856K, used 77353K [0x0000000080000000, 0x0000000087700000, 0x00000000d5580000)
  object space 121856K, 63% used [0x0000000080000000,0x0000000084b8a7a0,0x0000000087700000)
 Metaspace       used 95784K, capacity 100313K, committed 100684K, reserved 1136640K
  class space    used 12588K, capacity 13569K, committed 13696K, reserved 1048576K
GC Heap History (10 events):
Event: 9.754 GC heap before
{Heap before GC invocations=12 (full 3):
 PSYoungGen      total 420864K, used 19455K [0x00000000d5580000, 0x00000000f4280000, 0x0000000100000000)
  eden space 401408K, 0% used [0x00000000d5580000,0x00000000d5580000,0x00000000edd80000)
  from space 19456K, 99% used [0x00000000edd80000,0x00000000ef07fc40,0x00000000ef080000)
  to   space 24576K, 0% used [0x00000000f2a80000,0x00000000f2a80000,0x00000000f4280000)
 ParOldGen       total 77824K, used 26181K [0x0000000080000000, 0x0000000084c00000, 0x00000000d5580000)
  object space 77824K, 33% used [0x0000000080000000,0x00000000819917f8,0x0000000084c00000)
 Metaspace       used 56597K, capacity 58908K, committed 59028K, reserved 1099776K
  class space    used 7421K, capacity 7882K, committed 7936K, reserved 1048576K
Event: 9.966 GC heap after
Heap after GC invocations=12 (full 3):
 PSYoungGen      total 420864K, used 0K [0x00000000d5580000, 0x00000000f4280000, 0x0000000100000000)
  eden space 401408K, 0% used [0x00000000d5580000,0x00000000d5580000,0x00000000edd80000)
  from space 19456K, 0% used [0x00000000edd80000,0x00000000edd80000,0x00000000ef080000)
  to   space 24576K, 0% used [0x00000000f2a80000,0x00000000f2a80000,0x00000000f4280000)
 ParOldGen       total 121856K, used 36815K [0x0000000080000000, 0x0000000087700000, 0x00000000d5580000)
  object space 121856K, 30% used [0x0000000080000000,0x00000000823f3ca0,0x0000000087700000)
 Metaspace       used 56530K, capacity 58732K, committed 59028K, reserved 1099776K
  class space    used 7403K, capacity 7858K, committed 7936K, reserved 1048576K
}
Event: 100.741 GC heap before
{Heap before GC invocations=13 (full 3):
 PSYoungGen      total 420864K, used 401408K [0x00000000d5580000, 0x00000000f4280000, 0x0000000100000000)
  eden space 401408K, 100% used [0x00000000d5580000,0x00000000edd80000,0x00000000edd80000)
  from space 19456K, 0% used [0x00000000edd80000,0x00000000edd80000,0x00000000ef080000)
  to   space 24576K, 0% used [0x00000000f2a80000,0x00000000f2a80000,0x00000000f4280000)
 ParOldGen       total 121856K, used 36815K [0x0000000080000000, 0x0000000087700000, 0x00000000d5580000)
  object space 121856K, 30% used [0x0000000080000000,0x00000000823f3ca0,0x0000000087700000)
 Metaspace       used 78788K, capacity 82038K, committed 82264K, reserved 1120256K
  class space    used 10376K, capacity 11065K, committed 11136K, reserved 1048576K
Event: 100.787 GC heap after
Heap after GC invocations=13 (full 3):
 PSYoungGen      total 472576K, used 24557K [0x00000000d5580000, 0x00000000f6d00000, 0x0000000100000000)
  eden space 448000K, 0% used [0x00000000d5580000,0x00000000d5580000,0x00000000f0b00000)
  from space 24576K, 99% used [0x00000000f2a80000,0x00000000f427b740,0x00000000f4280000)
  to   space 32256K, 0% used [0x00000000f0b00000,0x00000000f0b00000,0x00000000f2a80000)
 ParOldGen       total 121856K, used 47539K [0x0000000080000000, 0x0000000087700000, 0x00000000d5580000)
  object space 121856K, 39% used [0x0000000080000000,0x0000000082e6cd00,0x0000000087700000)
 Metaspace       used 78788K, capacity 82038K, committed 82264K, reserved 1120256K
  class space    used 10376K, capacity 11065K, committed 11136K, reserved 1048576K
}
Event: 107.445 GC heap before
{Heap before GC invocations=14 (full 3):
 PSYoungGen      total 472576K, used 472557K [0x00000000d5580000, 0x00000000f6d00000, 0x0000000100000000)
  eden space 448000K, 100% used [0x00000000d5580000,0x00000000f0b00000,0x00000000f0b00000)
  from space 24576K, 99% used [0x00000000f2a80000,0x00000000f427b740,0x00000000f4280000)
  to   space 32256K, 0% used [0x00000000f0b00000,0x00000000f0b00000,0x00000000f2a80000)
 ParOldGen       total 121856K, used 47539K [0x0000000080000000, 0x0000000087700000, 0x00000000d5580000)
  object space 121856K, 39% used [0x0000000080000000,0x0000000082e6cd00,0x0000000087700000)
 Metaspace       used 82049K, capacity 85890K, committed 85976K, reserved 1124352K
  class space    used 10721K, capacity 11507K, committed 11520K, reserved 1048576K
Event: 107.512 GC heap after
Heap after GC invocations=14 (full 3):
 PSYoungGen      total 480256K, used 13660K [0x00000000d5580000, 0x00000000f6d00000, 0x0000000100000000)
  eden space 448000K, 0% used [0x00000000d5580000,0x00000000d5580000,0x00000000f0b00000)
  from space 32256K, 42% used [0x00000000f0b00000,0x00000000f1857308,0x00000000f2a80000)
  to   space 24576K, 0% used [0x00000000f2a80000,0x00000000f2a80000,0x00000000f4280000)
 ParOldGen       total 121856K, used 68063K [0x0000000080000000, 0x0000000087700000, 0x00000000d5580000)
  object space 121856K, 55% used [0x0000000080000000,0x0000000084277f88,0x0000000087700000)
 Metaspace       used 82049K, capacity 85890K, committed 85976K, reserved 1124352K
  class space    used 10721K, capacity 11507K, committed 11520K, reserved 1048576K
}
Event: 112.059 GC heap before
{Heap before GC invocations=15 (full 3):
 PSYoungGen      total 480256K, used 458970K [0x00000000d5580000, 0x00000000f6d00000, 0x0000000100000000)
  eden space 448000K, 99% used [0x00000000d5580000,0x00000000f085f5d0,0x00000000f0b00000)
  from space 32256K, 42% used [0x00000000f0b00000,0x00000000f1857308,0x00000000f2a80000)
  to   space 24576K, 0% used [0x00000000f2a80000,0x00000000f2a80000,0x00000000f4280000)
 ParOldGen       total 121856K, used 68063K [0x0000000080000000, 0x0000000087700000, 0x00000000d5580000)
  object space 121856K, 55% used [0x0000000080000000,0x0000000084277f88,0x0000000087700000)
 Metaspace       used 93689K, capacity 98189K, committed 98380K, reserved 1134592K
  class space    used 12280K, capacity 13184K, committed 13184K, reserved 1048576K
Event: 112.095 GC heap after
Heap after GC invocations=15 (full 3):
 PSYoungGen      total 472576K, used 24561K [0x00000000d5580000, 0x00000000f6d00000, 0x0000000100000000)
  eden space 448000K, 0% used [0x00000000d5580000,0x00000000d5580000,0x00000000f0b00000)
  from space 24576K, 99% used [0x00000000f2a80000,0x00000000f427c4b0,0x00000000f4280000)
  to   space 32256K, 0% used [0x00000000f0b00000,0x00000000f0b00000,0x00000000f2a80000)
 ParOldGen       total 121856K, used 72835K [0x0000000080000000, 0x0000000087700000, 0x00000000d5580000)
  object space 121856K, 59% used [0x0000000080000000,0x0000000084720fb0,0x0000000087700000)
 Metaspace       used 93689K, capacity 98189K, committed 98380K, reserved 1134592K
  class space    used 12280K, capacity 13184K, committed 13184K, reserved 1048576K
}
Event: 112.095 GC heap before
{Heap before GC invocations=16 (full 4):
 PSYoungGen      total 472576K, used 24561K [0x00000000d5580000, 0x00000000f6d00000, 0x0000000100000000)
  eden space 448000K, 0% used [0x00000000d5580000,0x00000000d5580000,0x00000000f0b00000)
  from space 24576K, 99% used [0x00000000f2a80000,0x00000000f427c4b0,0x00000000f4280000)
  to   space 32256K, 0% used [0x00000000f0b00000,0x00000000f0b00000,0x00000000f2a80000)
 ParOldGen       total 121856K, used 72835K [0x0000000080000000, 0x0000000087700000, 0x00000000d5580000)
  object space 121856K, 59% used [0x0000000080000000,0x0000000084720fb0,0x0000000087700000)
 Metaspace       used 93689K, capacity 98189K, committed 98380K, reserved 1134592K
  class space    used 12280K, capacity 13184K, committed 13184K, reserved 1048576K
Event: 112.407 GC heap after
Heap after GC invocations=16 (full 4):
 PSYoungGen      total 472576K, used 0K [0x00000000d5580000, 0x00000000f6d00000, 0x0000000100000000)
  eden space 448000K, 0% used [0x00000000d5580000,0x00000000d5580000,0x00000000f0b00000)
  from space 24576K, 0% used [0x00000000f2a80000,0x00000000f2a80000,0x00000000f4280000)
  to   space 32256K, 0% used [0x00000000f0b00000,0x00000000f0b00000,0x00000000f2a80000)
 ParOldGen       total 121856K, used 77353K [0x0000000080000000, 0x0000000087700000, 0x00000000d5580000)
  object space 121856K, 63% used [0x0000000080000000,0x0000000084b8a7a0,0x0000000087700000)
 Metaspace       used 93568K, capacity 97833K, committed 98380K, reserved 1134592K
  class space    used 12242K, capacity 13096K, committed 13184K, reserved 1048576K
}

