# JRE version: OpenJDK Runtime Environment (8.0_242-b01) (build 1.8.0_242-release-1644-b01)
# Java VM: OpenJDK 64-Bit Server VM (25.242-b01 mixed mode windows-amd64 compressed oops)
Heap:
 PSYoungGen      total 297984K, used 73068K [0x00000000d5580000, 0x00000000ea980000, 0x0000000100000000)
  eden space 261120K, 15% used [0x00000000d5580000,0x00000000d7ca5720,0x00000000e5480000)
  from space 36864K, 89% used [0x00000000e7d00000,0x00000000e9d35b20,0x00000000ea100000)
  to   space 41472K, 0% used [0x00000000e5480000,0x00000000e5480000,0x00000000e7d00000)
 ParOldGen       total 123392K, used 70197K [0x0000000080000000, 0x0000000087880000, 0x00000000d5580000)
  object space 123392K, 56% used [0x0000000080000000,0x000000008448d640,0x0000000087880000)
 Metaspace       used 90159K, capacity 95102K, committed 95252K, reserved 1132544K
  class space    used 12126K, capacity 13086K, committed 13116K, reserved 1048576K
GC Heap History (10 events):
Event: 10.421 GC heap before
{Heap before GC invocations=15 (full 3):
 PSYoungGen      total 207360K, used 16155K [0x00000000d5580000, 0x00000000e4080000, 0x0000000100000000)
  eden space 188928K, 0% used [0x00000000d5580000,0x00000000d5580000,0x00000000e0e00000)
  from space 18432K, 87% used [0x00000000e2200000,0x00000000e31c6c48,0x00000000e3400000)
  to   space 20480K, 0% used [0x00000000e0e00000,0x00000000e0e00000,0x00000000e2200000)
 ParOldGen       total 81920K, used 35538K [0x0000000080000000, 0x0000000085000000, 0x00000000d5580000)
  object space 81920K, 43% used [0x0000000080000000,0x00000000822b4be8,0x0000000085000000)
 Metaspace       used 56509K, capacity 58944K, committed 59028K, reserved 1099776K
  class space    used 7583K, capacity 8082K, committed 8124K, reserved 1048576K
Event: 10.640 GC heap after
Heap after GC invocations=15 (full 3):
 PSYoungGen      total 207360K, used 0K [0x00000000d5580000, 0x00000000e4080000, 0x0000000100000000)
  eden space 188928K, 0% used [0x00000000d5580000,0x00000000d5580000,0x00000000e0e00000)
  from space 18432K, 0% used [0x00000000e2200000,0x00000000e2200000,0x00000000e3400000)
  to   space 20480K, 0% used [0x00000000e0e00000,0x00000000e0e00000,0x00000000e2200000)
 ParOldGen       total 123392K, used 37028K [0x0000000080000000, 0x0000000087880000, 0x00000000d5580000)
  object space 123392K, 30% used [0x0000000080000000,0x0000000082429370,0x0000000087880000)
 Metaspace       used 56502K, capacity 58920K, committed 59028K, reserved 1099776K
  class space    used 7581K, capacity 8078K, committed 8124K, reserved 1048576K
}
Event: 13.664 GC heap before
{Heap before GC invocations=16 (full 3):
 PSYoungGen      total 207360K, used 188928K [0x00000000d5580000, 0x00000000e4080000, 0x0000000100000000)
  eden space 188928K, 100% used [0x00000000d5580000,0x00000000e0e00000,0x00000000e0e00000)
  from space 18432K, 0% used [0x00000000e2200000,0x00000000e2200000,0x00000000e3400000)
  to   space 20480K, 0% used [0x00000000e0e00000,0x00000000e0e00000,0x00000000e2200000)
 ParOldGen       total 123392K, used 37028K [0x0000000080000000, 0x0000000087880000, 0x00000000d5580000)
  object space 123392K, 30% used [0x0000000080000000,0x0000000082429370,0x0000000087880000)
 Metaspace       used 67620K, capacity 70498K, committed 70804K, reserved 1110016K
  class space    used 9289K, capacity 9857K, committed 9916K, reserved 1048576K
Event: 13.694 GC heap after
Heap after GC invocations=16 (full 3):
 PSYoungGen      total 209408K, used 17071K [0x00000000d5580000, 0x00000000e6200000, 0x0000000100000000)
  eden space 188928K, 0% used [0x00000000d5580000,0x00000000d5580000,0x00000000e0e00000)
  from space 20480K, 83% used [0x00000000e0e00000,0x00000000e1eabe08,0x00000000e2200000)
  to   space 22016K, 0% used [0x00000000e4c80000,0x00000000e4c80000,0x00000000e6200000)
 ParOldGen       total 123392K, used 37036K [0x0000000080000000, 0x0000000087880000, 0x00000000d5580000)
  object space 123392K, 30% used [0x0000000080000000,0x000000008242b370,0x0000000087880000)
 Metaspace       used 67620K, capacity 70498K, committed 70804K, reserved 1110016K
  class space    used 9289K, capacity 9857K, committed 9916K, reserved 1048576K
}
Event: 16.016 GC heap before
{Heap before GC invocations=17 (full 3):
 PSYoungGen      total 209408K, used 205999K [0x00000000d5580000, 0x00000000e6200000, 0x0000000100000000)
  eden space 188928K, 100% used [0x00000000d5580000,0x00000000e0e00000,0x00000000e0e00000)
  from space 20480K, 83% used [0x00000000e0e00000,0x00000000e1eabe08,0x00000000e2200000)
  to   space 22016K, 0% used [0x00000000e4c80000,0x00000000e4c80000,0x00000000e6200000)
 ParOldGen       total 123392K, used 37036K [0x0000000080000000, 0x0000000087880000, 0x00000000d5580000)
  object space 123392K, 30% used [0x0000000080000000,0x000000008242b370,0x0000000087880000)
 Metaspace       used 77060K, capacity 80868K, committed 81172K, reserved 1120256K
  class space    used 10535K, capacity 11231K, committed 11324K, reserved 1048576K
Event: 16.056 GC heap after
Heap after GC invocations=17 (full 3):
 PSYoungGen      total 247296K, used 21994K [0x00000000d5580000, 0x00000000e6b80000, 0x0000000100000000)
  eden space 225280K, 0% used [0x00000000d5580000,0x00000000d5580000,0x00000000e3180000)
  from space 22016K, 99% used [0x00000000e4c80000,0x00000000e61fa920,0x00000000e6200000)
  to   space 27648K, 0% used [0x00000000e3180000,0x00000000e3180000,0x00000000e4c80000)
 ParOldGen       total 123392K, used 42876K [0x0000000080000000, 0x0000000087880000, 0x00000000d5580000)
  object space 123392K, 34% used [0x0000000080000000,0x00000000829df1d8,0x0000000087880000)
 Metaspace       used 77060K, capacity 80868K, committed 81172K, reserved 1120256K
  class space    used 10535K, capacity 11231K, committed 11324K, reserved 1048576K
}
Event: 44.340 GC heap before
{Heap before GC invocations=18 (full 3):
 PSYoungGen      total 247296K, used 247274K [0x00000000d5580000, 0x00000000e6b80000, 0x0000000100000000)
  eden space 225280K, 100% used [0x00000000d5580000,0x00000000e3180000,0x00000000e3180000)
  from space 22016K, 99% used [0x00000000e4c80000,0x00000000e61fa920,0x00000000e6200000)
  to   space 27648K, 0% used [0x00000000e3180000,0x00000000e3180000,0x00000000e4c80000)
 ParOldGen       total 123392K, used 42876K [0x0000000080000000, 0x0000000087880000, 0x00000000d5580000)
  object space 123392K, 34% used [0x0000000080000000,0x00000000829df1d8,0x0000000087880000)
 Metaspace       used 87482K, capacity 91940K, committed 92052K, reserved 1128448K
  class space    used 11728K, capacity 12645K, committed 12732K, reserved 1048576K
Event: 44.418 GC heap after
Heap after GC invocations=18 (full 3):
 PSYoungGen      total 252928K, used 27632K [0x00000000d5580000, 0x00000000ea100000, 0x0000000100000000)
  eden space 225280K, 0% used [0x00000000d5580000,0x00000000d5580000,0x00000000e3180000)
  from space 27648K, 99% used [0x00000000e3180000,0x00000000e4c7c140,0x00000000e4c80000)
  to   space 36864K, 0% used [0x00000000e7d00000,0x00000000e7d00000,0x00000000ea100000)
 ParOldGen       total 123392K, used 56015K [0x0000000080000000, 0x0000000087880000, 0x00000000d5580000)
  object space 123392K, 45% used [0x0000000080000000,0x00000000836b3cd8,0x0000000087880000)
 Metaspace       used 87482K, capacity 91940K, committed 92052K, reserved 1128448K
  class space    used 11728K, capacity 12645K, committed 12732K, reserved 1048576K
}
Event: 47.932 GC heap before
{Heap before GC invocations=19 (full 3):
 PSYoungGen      total 252928K, used 252912K [0x00000000d5580000, 0x00000000ea100000, 0x0000000100000000)
  eden space 225280K, 100% used [0x00000000d5580000,0x00000000e3180000,0x00000000e3180000)
  from space 27648K, 99% used [0x00000000e3180000,0x00000000e4c7c140,0x00000000e4c80000)
  to   space 36864K, 0% used [0x00000000e7d00000,0x00000000e7d00000,0x00000000ea100000)
 ParOldGen       total 123392K, used 56015K [0x0000000080000000, 0x0000000087880000, 0x00000000d5580000)
  object space 123392K, 45% used [0x0000000080000000,0x00000000836b3cd8,0x0000000087880000)
 Metaspace       used 89863K, capacity 94706K, committed 94996K, reserved 1130496K
  class space    used 12073K, capacity 13028K, committed 13116K, reserved 1048576K
Event: 47.985 GC heap after
Heap after GC invocations=19 (full 3):
 PSYoungGen      total 297984K, used 32982K [0x00000000d5580000, 0x00000000ea980000, 0x0000000100000000)
  eden space 261120K, 0% used [0x00000000d5580000,0x00000000d5580000,0x00000000e5480000)
  from space 36864K, 89% used [0x00000000e7d00000,0x00000000e9d35b20,0x00000000ea100000)
  to   space 41472K, 0% used [0x00000000e5480000,0x00000000e5480000,0x00000000e7d00000)
 ParOldGen       total 123392K, used 70197K [0x0000000080000000, 0x0000000087880000, 0x00000000d5580000)
  object space 123392K, 56% used [0x0000000080000000,0x000000008448d640,0x0000000087880000)
 Metaspace       used 89863K, capacity 94706K, committed 94996K, reserved 1130496K
  class space    used 12073K, capacity 13028K, committed 13116K, reserved 1048576K
}

