# JRE version: OpenJDK Runtime Environment (8.0_242-b01) (build 1.8.0_242-release-1644-b01)
# Java VM: OpenJDK 64-Bit Server VM (25.242-b01 mixed mode windows-amd64 compressed oops)
Heap:
 PSYoungGen      total 407552K, used 362180K [0x00000000d5580000, 0x00000000f0780000, 0x0000000100000000)
  eden space 373248K, 93% used [0x00000000d5580000,0x00000000ea9d1198,0x00000000ec200000)
  from space 34304K, 39% used [0x00000000ee180000,0x00000000eeee0010,0x00000000f0300000)
  to   space 32256K, 0% used [0x00000000ec200000,0x00000000ec200000,0x00000000ee180000)
 ParOldGen       total 123904K, used 94309K [0x0000000080000000, 0x0000000087900000, 0x00000000d5580000)
  object space 123904K, 76% used [0x0000000080000000,0x0000000085c195c0,0x0000000087900000)
 Metaspace       used 82207K, capacity 86036K, committed 86808K, reserved 1124352K
  class space    used 11161K, capacity 11887K, committed 12080K, reserved 1048576K
GC Heap History (10 events):
Event: 18.160 GC heap before
{Heap before GC invocations=20 (full 4):
 PSYoungGen      total 322048K, used 5395K [0x00000000d5580000, 0x00000000eba80000, 0x0000000100000000)
  eden space 287744K, 0% used [0x00000000d5580000,0x00000000d5580000,0x00000000e6e80000)
  from space 34304K, 15% used [0x00000000e9900000,0x00000000e9e44f80,0x00000000eba80000)
  to   space 38912K, 0% used [0x00000000e6e80000,0x00000000e6e80000,0x00000000e9480000)
 ParOldGen       total 123904K, used 104837K [0x0000000080000000, 0x0000000087900000, 0x00000000d5580000)
  object space 123904K, 84% used [0x0000000080000000,0x0000000086661520,0x0000000087900000)
 Metaspace       used 82004K, capacity 86128K, committed 86296K, reserved 1124352K
  class space    used 11200K, capacity 11971K, committed 12080K, reserved 1048576K
Event: 18.485 GC heap after
Heap after GC invocations=20 (full 4):
 PSYoungGen      total 322048K, used 0K [0x00000000d5580000, 0x00000000eba80000, 0x0000000100000000)
  eden space 287744K, 0% used [0x00000000d5580000,0x00000000d5580000,0x00000000e6e80000)
  from space 34304K, 0% used [0x00000000e9900000,0x00000000e9900000,0x00000000eba80000)
  to   space 38912K, 0% used [0x00000000e6e80000,0x00000000e6e80000,0x00000000e9480000)
 ParOldGen       total 123904K, used 94285K [0x0000000080000000, 0x0000000087900000, 0x00000000d5580000)
  object space 123904K, 76% used [0x0000000080000000,0x0000000085c135c0,0x0000000087900000)
 Metaspace       used 81799K, capacity 85598K, committed 86296K, reserved 1124352K
  class space    used 11130K, capacity 11844K, committed 12080K, reserved 1048576K
}
Event: 19.876 GC heap before
{Heap before GC invocations=21 (full 4):
 PSYoungGen      total 322048K, used 287744K [0x00000000d5580000, 0x00000000eba80000, 0x0000000100000000)
  eden space 287744K, 100% used [0x00000000d5580000,0x00000000e6e80000,0x00000000e6e80000)
  from space 34304K, 0% used [0x00000000e9900000,0x00000000e9900000,0x00000000eba80000)
  to   space 38912K, 0% used [0x00000000e6e80000,0x00000000e6e80000,0x00000000e9480000)
 ParOldGen       total 123904K, used 94285K [0x0000000080000000, 0x0000000087900000, 0x00000000d5580000)
  object space 123904K, 76% used [0x0000000080000000,0x0000000085c135c0,0x0000000087900000)
 Metaspace       used 82008K, capacity 85868K, committed 86552K, reserved 1124352K
  class space    used 11152K, capacity 11885K, committed 12080K, reserved 1048576K
Event: 19.890 GC heap after
Heap after GC invocations=21 (full 4):
 PSYoungGen      total 326656K, used 4128K [0x00000000d5580000, 0x00000000edf00000, 0x0000000100000000)
  eden space 287744K, 0% used [0x00000000d5580000,0x00000000d5580000,0x00000000e6e80000)
  from space 38912K, 10% used [0x00000000e6e80000,0x00000000e7288000,0x00000000e9480000)
  to   space 37888K, 0% used [0x00000000eba00000,0x00000000eba00000,0x00000000edf00000)
 ParOldGen       total 123904K, used 94293K [0x0000000080000000, 0x0000000087900000, 0x00000000d5580000)
  object space 123904K, 76% used [0x0000000080000000,0x0000000085c155c0,0x0000000087900000)
 Metaspace       used 82008K, capacity 85868K, committed 86552K, reserved 1124352K
  class space    used 11152K, capacity 11885K, committed 12080K, reserved 1048576K
}
Event: 21.012 GC heap before
{Heap before GC invocations=22 (full 4):
 PSYoungGen      total 326656K, used 291872K [0x00000000d5580000, 0x00000000edf00000, 0x0000000100000000)
  eden space 287744K, 100% used [0x00000000d5580000,0x00000000e6e80000,0x00000000e6e80000)
  from space 38912K, 10% used [0x00000000e6e80000,0x00000000e7288000,0x00000000e9480000)
  to   space 37888K, 0% used [0x00000000eba00000,0x00000000eba00000,0x00000000edf00000)
 ParOldGen       total 123904K, used 94293K [0x0000000080000000, 0x0000000087900000, 0x00000000d5580000)
  object space 123904K, 76% used [0x0000000080000000,0x0000000085c155c0,0x0000000087900000)
 Metaspace       used 82117K, capacity 85956K, committed 86552K, reserved 1124352K
  class space    used 11160K, capacity 11885K, committed 12080K, reserved 1048576K
Event: 21.031 GC heap after
Heap after GC invocations=22 (full 4):
 PSYoungGen      total 359936K, used 7680K [0x00000000d5580000, 0x00000000edb00000, 0x0000000100000000)
  eden space 326144K, 0% used [0x00000000d5580000,0x00000000d5580000,0x00000000e9400000)
  from space 33792K, 22% used [0x00000000eba00000,0x00000000ec180000,0x00000000edb00000)
  to   space 36352K, 0% used [0x00000000e9400000,0x00000000e9400000,0x00000000eb780000)
 ParOldGen       total 123904K, used 94301K [0x0000000080000000, 0x0000000087900000, 0x00000000d5580000)
  object space 123904K, 76% used [0x0000000080000000,0x0000000085c175c0,0x0000000087900000)
 Metaspace       used 82117K, capacity 85956K, committed 86552K, reserved 1124352K
  class space    used 11160K, capacity 11885K, committed 12080K, reserved 1048576K
}
Event: 22.234 GC heap before
{Heap before GC invocations=23 (full 4):
 PSYoungGen      total 359936K, used 333824K [0x00000000d5580000, 0x00000000edb00000, 0x0000000100000000)
  eden space 326144K, 100% used [0x00000000d5580000,0x00000000e9400000,0x00000000e9400000)
  from space 33792K, 22% used [0x00000000eba00000,0x00000000ec180000,0x00000000edb00000)
  to   space 36352K, 0% used [0x00000000e9400000,0x00000000e9400000,0x00000000eb780000)
 ParOldGen       total 123904K, used 94301K [0x0000000080000000, 0x0000000087900000, 0x00000000d5580000)
  object space 123904K, 76% used [0x0000000080000000,0x0000000085c175c0,0x0000000087900000)
 Metaspace       used 82158K, capacity 85962K, committed 86552K, reserved 1124352K
  class space    used 11160K, capacity 11886K, committed 12080K, reserved 1048576K
Event: 22.263 GC heap after
Heap after GC invocations=23 (full 4):
 PSYoungGen      total 362496K, used 12608K [0x00000000d5580000, 0x00000000f0300000, 0x0000000100000000)
  eden space 326144K, 0% used [0x00000000d5580000,0x00000000d5580000,0x00000000e9400000)
  from space 36352K, 34% used [0x00000000e9400000,0x00000000ea050010,0x00000000eb780000)
  to   space 34304K, 0% used [0x00000000ee180000,0x00000000ee180000,0x00000000f0300000)
 ParOldGen       total 123904K, used 94309K [0x0000000080000000, 0x0000000087900000, 0x00000000d5580000)
  object space 123904K, 76% used [0x0000000080000000,0x0000000085c195c0,0x0000000087900000)
 Metaspace       used 82158K, capacity 85962K, committed 86552K, reserved 1124352K
  class space    used 11160K, capacity 11886K, committed 12080K, reserved 1048576K
}
Event: 23.088 GC heap before
{Heap before GC invocations=24 (full 4):
 PSYoungGen      total 362496K, used 338752K [0x00000000d5580000, 0x00000000f0300000, 0x0000000100000000)
  eden space 326144K, 100% used [0x00000000d5580000,0x00000000e9400000,0x00000000e9400000)
  from space 36352K, 34% used [0x00000000e9400000,0x00000000ea050010,0x00000000eb780000)
  to   space 34304K, 0% used [0x00000000ee180000,0x00000000ee180000,0x00000000f0300000)
 ParOldGen       total 123904K, used 94309K [0x0000000080000000, 0x0000000087900000, 0x00000000d5580000)
  object space 123904K, 76% used [0x0000000080000000,0x0000000085c195c0,0x0000000087900000)
 Metaspace       used 82178K, capacity 86030K, committed 86808K, reserved 1124352K
  class space    used 11160K, capacity 11886K, committed 12080K, reserved 1048576K
Event: 23.130 GC heap after
Heap after GC invocations=24 (full 4):
 PSYoungGen      total 407552K, used 13696K [0x00000000d5580000, 0x00000000f0780000, 0x0000000100000000)
  eden space 373248K, 0% used [0x00000000d5580000,0x00000000d5580000,0x00000000ec200000)
  from space 34304K, 39% used [0x00000000ee180000,0x00000000eeee0010,0x00000000f0300000)
  to   space 32256K, 0% used [0x00000000ec200000,0x00000000ec200000,0x00000000ee180000)
 ParOldGen       total 123904K, used 94309K [0x0000000080000000, 0x0000000087900000, 0x00000000d5580000)
  object space 123904K, 76% used [0x0000000080000000,0x0000000085c195c0,0x0000000087900000)
 Metaspace       used 82178K, capacity 86030K, committed 86808K, reserved 1124352K
  class space    used 11160K, capacity 11886K, committed 12080K, reserved 1048576K
}

