# JRE version: OpenJDK Runtime Environment (8.0_242-b01) (build 1.8.0_242-release-1644-b01)
# Java VM: OpenJDK 64-Bit Server VM (25.242-b01 mixed mode windows-amd64 compressed oops)
Heap:
 PSYoungGen      total 302080K, used 208183K [0x00000000d5580000, 0x00000000ed380000, 0x0000000100000000)
  eden space 278528K, 66% used [0x00000000d5580000,0x00000000e09d1438,0x00000000e6580000)
  from space 23552K, 99% used [0x00000000e6580000,0x00000000e7c7cae8,0x00000000e7c80000)
  to   space 27648K, 0% used [0x00000000eb880000,0x00000000eb880000,0x00000000ed380000)
 ParOldGen       total 127488K, used 41574K [0x0000000080000000, 0x0000000087c80000, 0x00000000d5580000)
  object space 127488K, 32% used [0x0000000080000000,0x0000000082899a40,0x0000000087c80000)
 Metaspace       used 75489K, capacity 78978K, committed 79128K, reserved 1118208K
  class space    used 10303K, capacity 10962K, committed 11040K, reserved 1048576K
GC Heap History (10 events):
Event: 5.377 GC heap before
{Heap before GC invocations=10 (full 2):
 PSYoungGen      total 232448K, used 8852K [0x00000000d5580000, 0x00000000e4980000, 0x0000000100000000)
  eden space 218112K, 0% used [0x00000000d5580000,0x00000000d5580000,0x00000000e2a80000)
  from space 14336K, 61% used [0x00000000e3880000,0x00000000e4125200,0x00000000e4680000)
  to   space 14336K, 0% used [0x00000000e2a80000,0x00000000e2a80000,0x00000000e3880000)
 ParOldGen       total 52736K, used 10050K [0x0000000080000000, 0x0000000083380000, 0x00000000d5580000)
  object space 52736K, 19% used [0x0000000080000000,0x00000000809d0ac8,0x0000000083380000)
 Metaspace       used 34264K, capacity 35408K, committed 35496K, reserved 1079296K
  class space    used 4718K, capacity 5001K, committed 5040K, reserved 1048576K
Event: 5.453 GC heap after
Heap after GC invocations=10 (full 2):
 PSYoungGen      total 232448K, used 0K [0x00000000d5580000, 0x00000000e4980000, 0x0000000100000000)
  eden space 218112K, 0% used [0x00000000d5580000,0x00000000d5580000,0x00000000e2a80000)
  from space 14336K, 0% used [0x00000000e3880000,0x00000000e3880000,0x00000000e4680000)
  to   space 14336K, 0% used [0x00000000e2a80000,0x00000000e2a80000,0x00000000e3880000)
 ParOldGen       total 79360K, used 15303K [0x0000000080000000, 0x0000000084d80000, 0x00000000d5580000)
  object space 79360K, 19% used [0x0000000080000000,0x0000000080ef1dc8,0x0000000084d80000)
 Metaspace       used 34264K, capacity 35408K, committed 35496K, reserved 1079296K
  class space    used 4718K, capacity 5001K, committed 5040K, reserved 1048576K
}
Event: 7.270 GC heap before
{Heap before GC invocations=11 (full 2):
 PSYoungGen      total 232448K, used 218112K [0x00000000d5580000, 0x00000000e4980000, 0x0000000100000000)
  eden space 218112K, 100% used [0x00000000d5580000,0x00000000e2a80000,0x00000000e2a80000)
  from space 14336K, 0% used [0x00000000e3880000,0x00000000e3880000,0x00000000e4680000)
  to   space 14336K, 0% used [0x00000000e2a80000,0x00000000e2a80000,0x00000000e3880000)
 ParOldGen       total 79360K, used 15303K [0x0000000080000000, 0x0000000084d80000, 0x00000000d5580000)
  object space 79360K, 19% used [0x0000000080000000,0x0000000080ef1dc8,0x0000000084d80000)
 Metaspace       used 45445K, capacity 47190K, committed 47528K, reserved 1089536K
  class space    used 6133K, capacity 6473K, committed 6576K, reserved 1048576K
Event: 7.294 GC heap after
Heap after GC invocations=11 (full 2):
 PSYoungGen      total 232448K, used 14316K [0x00000000d5580000, 0x00000000e8d80000, 0x0000000100000000)
  eden space 218112K, 0% used [0x00000000d5580000,0x00000000d5580000,0x00000000e2a80000)
  from space 14336K, 99% used [0x00000000e2a80000,0x00000000e387b0c8,0x00000000e3880000)
  to   space 17408K, 0% used [0x00000000e7c80000,0x00000000e7c80000,0x00000000e8d80000)
 ParOldGen       total 79360K, used 17786K [0x0000000080000000, 0x0000000084d80000, 0x00000000d5580000)
  object space 79360K, 22% used [0x0000000080000000,0x000000008115e930,0x0000000084d80000)
 Metaspace       used 45445K, capacity 47190K, committed 47528K, reserved 1089536K
  class space    used 6133K, capacity 6473K, committed 6576K, reserved 1048576K
}
Event: 9.147 GC heap before
{Heap before GC invocations=12 (full 2):
 PSYoungGen      total 232448K, used 166489K [0x00000000d5580000, 0x00000000e8d80000, 0x0000000100000000)
  eden space 218112K, 69% used [0x00000000d5580000,0x00000000dea1b410,0x00000000e2a80000)
  from space 14336K, 99% used [0x00000000e2a80000,0x00000000e387b0c8,0x00000000e3880000)
  to   space 17408K, 0% used [0x00000000e7c80000,0x00000000e7c80000,0x00000000e8d80000)
 ParOldGen       total 79360K, used 17786K [0x0000000080000000, 0x0000000084d80000, 0x00000000d5580000)
  object space 79360K, 22% used [0x0000000080000000,0x000000008115e930,0x0000000084d80000)
 Metaspace       used 56920K, capacity 59070K, committed 59160K, reserved 1099776K
  class space    used 7700K, capacity 8176K, committed 8224K, reserved 1048576K
Event: 9.174 GC heap after
Heap after GC invocations=12 (full 2):
 PSYoungGen      total 295936K, used 17404K [0x00000000d5580000, 0x00000000e9500000, 0x0000000100000000)
  eden space 278528K, 0% used [0x00000000d5580000,0x00000000d5580000,0x00000000e6580000)
  from space 17408K, 99% used [0x00000000e7c80000,0x00000000e8d7f320,0x00000000e8d80000)
  to   space 23552K, 0% used [0x00000000e6580000,0x00000000e6580000,0x00000000e7c80000)
 ParOldGen       total 79360K, used 27563K [0x0000000080000000, 0x0000000084d80000, 0x00000000d5580000)
  object space 79360K, 34% used [0x0000000080000000,0x0000000081aeac00,0x0000000084d80000)
 Metaspace       used 56920K, capacity 59070K, committed 59160K, reserved 1099776K
  class space    used 7700K, capacity 8176K, committed 8224K, reserved 1048576K
}
Event: 9.174 GC heap before
{Heap before GC invocations=13 (full 3):
 PSYoungGen      total 295936K, used 17404K [0x00000000d5580000, 0x00000000e9500000, 0x0000000100000000)
  eden space 278528K, 0% used [0x00000000d5580000,0x00000000d5580000,0x00000000e6580000)
  from space 17408K, 99% used [0x00000000e7c80000,0x00000000e8d7f320,0x00000000e8d80000)
  to   space 23552K, 0% used [0x00000000e6580000,0x00000000e6580000,0x00000000e7c80000)
 ParOldGen       total 79360K, used 27563K [0x0000000080000000, 0x0000000084d80000, 0x00000000d5580000)
  object space 79360K, 34% used [0x0000000080000000,0x0000000081aeac00,0x0000000084d80000)
 Metaspace       used 56920K, capacity 59070K, committed 59160K, reserved 1099776K
  class space    used 7700K, capacity 8176K, committed 8224K, reserved 1048576K
Event: 9.403 GC heap after
Heap after GC invocations=13 (full 3):
 PSYoungGen      total 295936K, used 0K [0x00000000d5580000, 0x00000000e9500000, 0x0000000100000000)
  eden space 278528K, 0% used [0x00000000d5580000,0x00000000d5580000,0x00000000e6580000)
  from space 17408K, 0% used [0x00000000e7c80000,0x00000000e7c80000,0x00000000e8d80000)
  to   space 23552K, 0% used [0x00000000e6580000,0x00000000e6580000,0x00000000e7c80000)
 ParOldGen       total 127488K, used 39585K [0x0000000080000000, 0x0000000087c80000, 0x00000000d5580000)
  object space 127488K, 31% used [0x0000000080000000,0x00000000826a8480,0x0000000087c80000)
 Metaspace       used 56916K, capacity 59058K, committed 59160K, reserved 1099776K
  class space    used 7699K, capacity 8174K, committed 8224K, reserved 1048576K
}
Event: 14.317 GC heap before
{Heap before GC invocations=14 (full 3):
 PSYoungGen      total 295936K, used 278528K [0x00000000d5580000, 0x00000000e9500000, 0x0000000100000000)
  eden space 278528K, 100% used [0x00000000d5580000,0x00000000e6580000,0x00000000e6580000)
  from space 17408K, 0% used [0x00000000e7c80000,0x00000000e7c80000,0x00000000e8d80000)
  to   space 23552K, 0% used [0x00000000e6580000,0x00000000e6580000,0x00000000e7c80000)
 ParOldGen       total 127488K, used 39585K [0x0000000080000000, 0x0000000087c80000, 0x00000000d5580000)
  object space 127488K, 31% used [0x0000000080000000,0x00000000826a8480,0x0000000087c80000)
 Metaspace       used 67823K, capacity 70830K, committed 71064K, reserved 1110016K
  class space    used 9256K, capacity 9842K, committed 9888K, reserved 1048576K
Event: 14.345 GC heap after
Heap after GC invocations=14 (full 3):
 PSYoungGen      total 302080K, used 23538K [0x00000000d5580000, 0x00000000ed380000, 0x0000000100000000)
  eden space 278528K, 0% used [0x00000000d5580000,0x00000000d5580000,0x00000000e6580000)
  from space 23552K, 99% used [0x00000000e6580000,0x00000000e7c7cae8,0x00000000e7c80000)
  to   space 27648K, 0% used [0x00000000eb880000,0x00000000eb880000,0x00000000ed380000)
 ParOldGen       total 127488K, used 41574K [0x0000000080000000, 0x0000000087c80000, 0x00000000d5580000)
  object space 127488K, 32% used [0x0000000080000000,0x0000000082899a40,0x0000000087c80000)
 Metaspace       used 67823K, capacity 70830K, committed 71064K, reserved 1110016K
  class space    used 9256K, capacity 9842K, committed 9888K, reserved 1048576K
}

