# JRE version: OpenJDK Runtime Environment (8.0_242-b01) (build 1.8.0_242-release-1644-b01)
# Java VM: OpenJDK 64-Bit Server VM (25.242-b01 mixed mode windows-amd64 compressed oops)
Heap:
 PSYoungGen      total 228352K, used 6001K [0x00000000d5580000, 0x00000000e4480000, 0x0000000100000000)
  eden space 214528K, 2% used [0x00000000d5580000,0x00000000d5b5c5d0,0x00000000e2700000)
  from space 13824K, 0% used [0x00000000e3500000,0x00000000e3500000,0x00000000e4280000)
  to   space 14336K, 0% used [0x00000000e2700000,0x00000000e2700000,0x00000000e3500000)
 ParOldGen       total 84992K, used 26515K [0x0000000080000000, 0x0000000085300000, 0x00000000d5580000)
  object space 84992K, 31% used [0x0000000080000000,0x00000000819e4e70,0x0000000085300000)
 Metaspace       used 57346K, capacity 59356K, committed 60248K, reserved 1105920K
  class space    used 7496K, capacity 7915K, committed 8064K, reserved 1048576K
GC Heap History (10 events):
Event: 9.584 GC heap before
{Heap before GC invocations=17 (full 5):
 PSYoungGen      total 228352K, used 32K [0x00000000d5580000, 0x00000000e4480000, 0x0000000100000000)
  eden space 214528K, 0% used [0x00000000d5580000,0x00000000d5580000,0x00000000e2700000)
  from space 13824K, 0% used [0x00000000e3500000,0x00000000e3508000,0x00000000e4280000)
  to   space 14336K, 0% used [0x00000000e2700000,0x00000000e2700000,0x00000000e3500000)
 ParOldGen       total 84992K, used 34318K [0x0000000080000000, 0x0000000085300000, 0x00000000d5580000)
  object space 84992K, 40% used [0x0000000080000000,0x0000000082183b08,0x0000000085300000)
 Metaspace       used 57318K, capacity 59538K, committed 59736K, reserved 1107968K
  class space    used 7518K, capacity 7971K, committed 8064K, reserved 1048576K
Event: 9.653 GC heap after
Heap after GC invocations=17 (full 5):
 PSYoungGen      total 228352K, used 0K [0x00000000d5580000, 0x00000000e4480000, 0x0000000100000000)
  eden space 214528K, 0% used [0x00000000d5580000,0x00000000d5580000,0x00000000e2700000)
  from space 13824K, 0% used [0x00000000e3500000,0x00000000e3500000,0x00000000e4280000)
  to   space 14336K, 0% used [0x00000000e2700000,0x00000000e2700000,0x00000000e3500000)
 ParOldGen       total 84992K, used 33929K [0x0000000080000000, 0x0000000085300000, 0x00000000d5580000)
  object space 84992K, 39% used [0x0000000080000000,0x00000000821225d8,0x0000000085300000)
 Metaspace       used 57318K, capacity 59538K, committed 59736K, reserved 1103872K
  class space    used 7518K, capacity 7971K, committed 8064K, reserved 1048576K
}
Event: 9.653 GC heap before
{Heap before GC invocations=18 (full 5):
 PSYoungGen      total 228352K, used 0K [0x00000000d5580000, 0x00000000e4480000, 0x0000000100000000)
  eden space 214528K, 0% used [0x00000000d5580000,0x00000000d5580000,0x00000000e2700000)
  from space 13824K, 0% used [0x00000000e3500000,0x00000000e3500000,0x00000000e4280000)
  to   space 14336K, 0% used [0x00000000e2700000,0x00000000e2700000,0x00000000e3500000)
 ParOldGen       total 84992K, used 33929K [0x0000000080000000, 0x0000000085300000, 0x00000000d5580000)
  object space 84992K, 39% used [0x0000000080000000,0x00000000821225d8,0x0000000085300000)
 Metaspace       used 57318K, capacity 59538K, committed 59736K, reserved 1107968K
  class space    used 7518K, capacity 7971K, committed 8064K, reserved 1048576K
Event: 9.655 GC heap after
Heap after GC invocations=18 (full 5):
 PSYoungGen      total 228864K, used 0K [0x00000000d5580000, 0x00000000e4480000, 0x0000000100000000)
  eden space 214528K, 0% used [0x00000000d5580000,0x00000000d5580000,0x00000000e2700000)
  from space 14336K, 0% used [0x00000000e2700000,0x00000000e2700000,0x00000000e3500000)
  to   space 13824K, 0% used [0x00000000e3500000,0x00000000e3500000,0x00000000e4280000)
 ParOldGen       total 84992K, used 33929K [0x0000000080000000, 0x0000000085300000, 0x00000000d5580000)
  object space 84992K, 39% used [0x0000000080000000,0x00000000821225d8,0x0000000085300000)
 Metaspace       used 57318K, capacity 59538K, committed 59736K, reserved 1107968K
  class space    used 7518K, capacity 7971K, committed 8064K, reserved 1048576K
}
Event: 9.655 GC heap before
{Heap before GC invocations=19 (full 6):
 PSYoungGen      total 228864K, used 0K [0x00000000d5580000, 0x00000000e4480000, 0x0000000100000000)
  eden space 214528K, 0% used [0x00000000d5580000,0x00000000d5580000,0x00000000e2700000)
  from space 14336K, 0% used [0x00000000e2700000,0x00000000e2700000,0x00000000e3500000)
  to   space 13824K, 0% used [0x00000000e3500000,0x00000000e3500000,0x00000000e4280000)
 ParOldGen       total 84992K, used 33929K [0x0000000080000000, 0x0000000085300000, 0x00000000d5580000)
  object space 84992K, 39% used [0x0000000080000000,0x00000000821225d8,0x0000000085300000)
 Metaspace       used 57318K, capacity 59538K, committed 59736K, reserved 1107968K
  class space    used 7518K, capacity 7971K, committed 8064K, reserved 1048576K
Event: 9.847 GC heap after
Heap after GC invocations=19 (full 6):
 PSYoungGen      total 228864K, used 0K [0x00000000d5580000, 0x00000000e4480000, 0x0000000100000000)
  eden space 214528K, 0% used [0x00000000d5580000,0x00000000d5580000,0x00000000e2700000)
  from space 14336K, 0% used [0x00000000e2700000,0x00000000e2700000,0x00000000e3500000)
  to   space 13824K, 0% used [0x00000000e3500000,0x00000000e3500000,0x00000000e4280000)
 ParOldGen       total 84992K, used 26727K [0x0000000080000000, 0x0000000085300000, 0x00000000d5580000)
  object space 84992K, 31% used [0x0000000080000000,0x0000000081a19d80,0x0000000085300000)
 Metaspace       used 56978K, capacity 58928K, committed 59736K, reserved 1103872K
  class space    used 7444K, capacity 7835K, committed 8064K, reserved 1048576K
}
Event: 9.853 GC heap before
{Heap before GC invocations=20 (full 6):
 PSYoungGen      total 228864K, used 4411K [0x00000000d5580000, 0x00000000e4480000, 0x0000000100000000)
  eden space 214528K, 2% used [0x00000000d5580000,0x00000000d59cedb8,0x00000000e2700000)
  from space 14336K, 0% used [0x00000000e2700000,0x00000000e2700000,0x00000000e3500000)
  to   space 13824K, 0% used [0x00000000e3500000,0x00000000e3500000,0x00000000e4280000)
 ParOldGen       total 84992K, used 26727K [0x0000000080000000, 0x0000000085300000, 0x00000000d5580000)
  object space 84992K, 31% used [0x0000000080000000,0x0000000081a19d80,0x0000000085300000)
 Metaspace       used 56978K, capacity 58928K, committed 59736K, reserved 1110016K
  class space    used 7444K, capacity 7835K, committed 8064K, reserved 1048576K
Event: 9.856 GC heap after
Heap after GC invocations=20 (full 6):
 PSYoungGen      total 228352K, used 128K [0x00000000d5580000, 0x00000000e4480000, 0x0000000100000000)
  eden space 214528K, 0% used [0x00000000d5580000,0x00000000d5580000,0x00000000e2700000)
  from space 13824K, 0% used [0x00000000e3500000,0x00000000e3520000,0x00000000e4280000)
  to   space 14336K, 0% used [0x00000000e2700000,0x00000000e2700000,0x00000000e3500000)
 ParOldGen       total 84992K, used 26727K [0x0000000080000000, 0x0000000085300000, 0x00000000d5580000)
  object space 84992K, 31% used [0x0000000080000000,0x0000000081a19d80,0x0000000085300000)
 Metaspace       used 56978K, capacity 58928K, committed 59736K, reserved 1110016K
  class space    used 7444K, capacity 7835K, committed 8064K, reserved 1048576K
}
Event: 9.856 GC heap before
{Heap before GC invocations=21 (full 7):
 PSYoungGen      total 228352K, used 128K [0x00000000d5580000, 0x00000000e4480000, 0x0000000100000000)
  eden space 214528K, 0% used [0x00000000d5580000,0x00000000d5580000,0x00000000e2700000)
  from space 13824K, 0% used [0x00000000e3500000,0x00000000e3520000,0x00000000e4280000)
  to   space 14336K, 0% used [0x00000000e2700000,0x00000000e2700000,0x00000000e3500000)
 ParOldGen       total 84992K, used 26727K [0x0000000080000000, 0x0000000085300000, 0x00000000d5580000)
  object space 84992K, 31% used [0x0000000080000000,0x0000000081a19d80,0x0000000085300000)
 Metaspace       used 56978K, capacity 58928K, committed 59736K, reserved 1110016K
  class space    used 7444K, capacity 7835K, committed 8064K, reserved 1048576K
Event: 9.920 GC heap after
Heap after GC invocations=21 (full 7):
 PSYoungGen      total 228352K, used 0K [0x00000000d5580000, 0x00000000e4480000, 0x0000000100000000)
  eden space 214528K, 0% used [0x00000000d5580000,0x00000000d5580000,0x00000000e2700000)
  from space 13824K, 0% used [0x00000000e3500000,0x00000000e3500000,0x00000000e4280000)
  to   space 14336K, 0% used [0x00000000e2700000,0x00000000e2700000,0x00000000e3500000)
 ParOldGen       total 84992K, used 26515K [0x0000000080000000, 0x0000000085300000, 0x00000000d5580000)
  object space 84992K, 31% used [0x0000000080000000,0x00000000819e4e70,0x0000000085300000)
 Metaspace       used 56978K, capacity 58928K, committed 59736K, reserved 1103872K
  class space    used 7444K, capacity 7835K, committed 8064K, reserved 1048576K
}

