# JRE version: OpenJDK Runtime Environment (8.0_242-b01) (build 1.8.0_242-release-1644-b01)
# Java VM: OpenJDK 64-Bit Server VM (25.242-b01 mixed mode windows-amd64 compressed oops)
Heap:
 PSYoungGen      total 216064K, used 66710K [0x00000000d5580000, 0x00000000e4100000, 0x0000000100000000)
  eden space 196608K, 33% used [0x00000000d5580000,0x00000000d96a5950,0x00000000e1580000)
  from space 19456K, 0% used [0x00000000e2800000,0x00000000e2800000,0x00000000e3b00000)
  to   space 18944K, 0% used [0x00000000e1580000,0x00000000e1580000,0x00000000e2800000)
 ParOldGen       total 124928K, used 34887K [0x0000000080000000, 0x0000000087a00000, 0x00000000d5580000)
  object space 124928K, 27% used [0x0000000080000000,0x0000000082211df0,0x0000000087a00000)
 Metaspace       used 61233K, capacity 63536K, committed 63640K, reserved 1103872K
  class space    used 8415K, capacity 8875K, committed 8880K, reserved 1048576K
GC Heap History (10 events):
Event: 5.093 GC heap before
{Heap before GC invocations=11 (full 2):
 PSYoungGen      total 131584K, used 10720K [0x00000000d5580000, 0x00000000e0500000, 0x0000000100000000)
  eden space 120832K, 0% used [0x00000000d5580000,0x00000000d5580000,0x00000000dcb80000)
  from space 10752K, 99% used [0x00000000dcb80000,0x00000000dd5f83d0,0x00000000dd600000)
  to   space 12800K, 0% used [0x00000000df880000,0x00000000df880000,0x00000000e0500000)
 ParOldGen       total 50176K, used 8320K [0x0000000080000000, 0x0000000083100000, 0x00000000d5580000)
  object space 50176K, 16% used [0x0000000080000000,0x00000000808203f8,0x0000000083100000)
 Metaspace       used 34270K, capacity 35404K, committed 35496K, reserved 1079296K
  class space    used 4718K, capacity 5001K, committed 5040K, reserved 1048576K
Event: 5.163 GC heap after
Heap after GC invocations=11 (full 2):
 PSYoungGen      total 131584K, used 0K [0x00000000d5580000, 0x00000000e0500000, 0x0000000100000000)
  eden space 120832K, 0% used [0x00000000d5580000,0x00000000d5580000,0x00000000dcb80000)
  from space 10752K, 0% used [0x00000000dcb80000,0x00000000dcb80000,0x00000000dd600000)
  to   space 12800K, 0% used [0x00000000df880000,0x00000000df880000,0x00000000e0500000)
 ParOldGen       total 80384K, used 18129K [0x0000000080000000, 0x0000000084e80000, 0x00000000d5580000)
  object space 80384K, 22% used [0x0000000080000000,0x00000000811b4790,0x0000000084e80000)
 Metaspace       used 34270K, capacity 35404K, committed 35496K, reserved 1079296K
  class space    used 4718K, capacity 5001K, committed 5040K, reserved 1048576K
}
Event: 6.131 GC heap before
{Heap before GC invocations=12 (full 2):
 PSYoungGen      total 131584K, used 120832K [0x00000000d5580000, 0x00000000e0500000, 0x0000000100000000)
  eden space 120832K, 100% used [0x00000000d5580000,0x00000000dcb80000,0x00000000dcb80000)
  from space 10752K, 0% used [0x00000000dcb80000,0x00000000dcb80000,0x00000000dd600000)
  to   space 12800K, 0% used [0x00000000df880000,0x00000000df880000,0x00000000e0500000)
 ParOldGen       total 80384K, used 18129K [0x0000000080000000, 0x0000000084e80000, 0x00000000d5580000)
  object space 80384K, 22% used [0x0000000080000000,0x00000000811b4790,0x0000000084e80000)
 Metaspace       used 38073K, capacity 39702K, committed 39976K, reserved 1083392K
  class space    used 5241K, capacity 5575K, committed 5680K, reserved 1048576K
Event: 6.147 GC heap after
Heap after GC invocations=12 (full 2):
 PSYoungGen      total 166400K, used 9526K [0x00000000d5580000, 0x00000000e0880000, 0x0000000100000000)
  eden space 153600K, 0% used [0x00000000d5580000,0x00000000d5580000,0x00000000deb80000)
  from space 12800K, 74% used [0x00000000df880000,0x00000000e01cdac0,0x00000000e0500000)
  to   space 13312K, 0% used [0x00000000deb80000,0x00000000deb80000,0x00000000df880000)
 ParOldGen       total 80384K, used 18137K [0x0000000080000000, 0x0000000084e80000, 0x00000000d5580000)
  object space 80384K, 22% used [0x0000000080000000,0x00000000811b6790,0x0000000084e80000)
 Metaspace       used 38073K, capacity 39702K, committed 39976K, reserved 1083392K
  class space    used 5241K, capacity 5575K, committed 5680K, reserved 1048576K
}
Event: 7.969 GC heap before
{Heap before GC invocations=13 (full 2):
 PSYoungGen      total 166400K, used 163126K [0x00000000d5580000, 0x00000000e0880000, 0x0000000100000000)
  eden space 153600K, 100% used [0x00000000d5580000,0x00000000deb80000,0x00000000deb80000)
  from space 12800K, 74% used [0x00000000df880000,0x00000000e01cdac0,0x00000000e0500000)
  to   space 13312K, 0% used [0x00000000deb80000,0x00000000deb80000,0x00000000df880000)
 ParOldGen       total 80384K, used 18137K [0x0000000080000000, 0x0000000084e80000, 0x00000000d5580000)
  object space 80384K, 22% used [0x0000000080000000,0x00000000811b6790,0x0000000084e80000)
 Metaspace       used 52357K, capacity 54358K, committed 54568K, reserved 1095680K
  class space    used 6966K, capacity 7417K, committed 7472K, reserved 1048576K
Event: 7.994 GC heap after
Heap after GC invocations=13 (full 2):
 PSYoungGen      total 166912K, used 13292K [0x00000000d5580000, 0x00000000e3b00000, 0x0000000100000000)
  eden space 153600K, 0% used [0x00000000d5580000,0x00000000d5580000,0x00000000deb80000)
  from space 13312K, 99% used [0x00000000deb80000,0x00000000df87b320,0x00000000df880000)
  to   space 19456K, 0% used [0x00000000e2800000,0x00000000e2800000,0x00000000e3b00000)
 ParOldGen       total 80384K, used 30315K [0x0000000080000000, 0x0000000084e80000, 0x00000000d5580000)
  object space 80384K, 37% used [0x0000000080000000,0x0000000081d9ac68,0x0000000084e80000)
 Metaspace       used 52357K, capacity 54358K, committed 54568K, reserved 1095680K
  class space    used 6966K, capacity 7417K, committed 7472K, reserved 1048576K
}
Event: 8.673 GC heap before
{Heap before GC invocations=14 (full 2):
 PSYoungGen      total 166912K, used 63790K [0x00000000d5580000, 0x00000000e3b00000, 0x0000000100000000)
  eden space 153600K, 32% used [0x00000000d5580000,0x00000000d86d0780,0x00000000deb80000)
  from space 13312K, 99% used [0x00000000deb80000,0x00000000df87b320,0x00000000df880000)
  to   space 19456K, 0% used [0x00000000e2800000,0x00000000e2800000,0x00000000e3b00000)
 ParOldGen       total 80384K, used 30315K [0x0000000080000000, 0x0000000084e80000, 0x00000000d5580000)
  object space 80384K, 37% used [0x0000000080000000,0x0000000081d9ac68,0x0000000084e80000)
 Metaspace       used 56923K, capacity 59052K, committed 59160K, reserved 1099776K
  class space    used 7712K, capacity 8183K, committed 8240K, reserved 1048576K
Event: 8.710 GC heap after
Heap after GC invocations=14 (full 2):
 PSYoungGen      total 216064K, used 6456K [0x00000000d5580000, 0x00000000e4100000, 0x0000000100000000)
  eden space 196608K, 0% used [0x00000000d5580000,0x00000000d5580000,0x00000000e1580000)
  from space 19456K, 33% used [0x00000000e2800000,0x00000000e2e4e1e0,0x00000000e3b00000)
  to   space 18944K, 0% used [0x00000000e1580000,0x00000000e1580000,0x00000000e2800000)
 ParOldGen       total 80384K, used 43511K [0x0000000080000000, 0x0000000084e80000, 0x00000000d5580000)
  object space 80384K, 54% used [0x0000000080000000,0x0000000082a7dc00,0x0000000084e80000)
 Metaspace       used 56923K, capacity 59052K, committed 59160K, reserved 1099776K
  class space    used 7712K, capacity 8183K, committed 8240K, reserved 1048576K
}
Event: 8.710 GC heap before
{Heap before GC invocations=15 (full 3):
 PSYoungGen      total 216064K, used 6456K [0x00000000d5580000, 0x00000000e4100000, 0x0000000100000000)
  eden space 196608K, 0% used [0x00000000d5580000,0x00000000d5580000,0x00000000e1580000)
  from space 19456K, 33% used [0x00000000e2800000,0x00000000e2e4e1e0,0x00000000e3b00000)
  to   space 18944K, 0% used [0x00000000e1580000,0x00000000e1580000,0x00000000e2800000)
 ParOldGen       total 80384K, used 43511K [0x0000000080000000, 0x0000000084e80000, 0x00000000d5580000)
  object space 80384K, 54% used [0x0000000080000000,0x0000000082a7dc00,0x0000000084e80000)
 Metaspace       used 56923K, capacity 59052K, committed 59160K, reserved 1099776K
  class space    used 7712K, capacity 8183K, committed 8240K, reserved 1048576K
Event: 8.936 GC heap after
Heap after GC invocations=15 (full 3):
 PSYoungGen      total 216064K, used 0K [0x00000000d5580000, 0x00000000e4100000, 0x0000000100000000)
  eden space 196608K, 0% used [0x00000000d5580000,0x00000000d5580000,0x00000000e1580000)
  from space 19456K, 0% used [0x00000000e2800000,0x00000000e2800000,0x00000000e3b00000)
  to   space 18944K, 0% used [0x00000000e1580000,0x00000000e1580000,0x00000000e2800000)
 ParOldGen       total 124928K, used 34887K [0x0000000080000000, 0x0000000087a00000, 0x00000000d5580000)
  object space 124928K, 27% used [0x0000000080000000,0x0000000082211df0,0x0000000087a00000)
 Metaspace       used 56907K, capacity 58998K, committed 59160K, reserved 1099776K
  class space    used 7707K, capacity 8174K, committed 8240K, reserved 1048576K
}

