# JRE version: OpenJDK Runtime Environment (8.0_242-b01) (build 1.8.0_242-release-1644-b01)
# Java VM: OpenJDK 64-Bit Server VM (25.242-b01 mixed mode windows-amd64 compressed oops)
Heap:
 PSYoungGen      total 157184K, used 29122K [0x00000000d5580000, 0x00000000e2b80000, 0x0000000100000000)
  eden space 144384K, 11% used [0x00000000d5580000,0x00000000d65745d8,0x00000000de280000)
  from space 12800K, 99% used [0x00000000de280000,0x00000000deefc440,0x00000000def00000)
  to   space 18432K, 0% used [0x00000000e1980000,0x00000000e1980000,0x00000000e2b80000)
 ParOldGen       total 84480K, used 30835K [0x0000000080000000, 0x0000000085280000, 0x00000000d5580000)
  object space 84480K, 36% used [0x0000000080000000,0x0000000081e1cc90,0x0000000085280000)
 Metaspace       used 54167K, capacity 56346K, committed 56576K, reserved 1097728K
  class space    used 7149K, capacity 7605K, committed 7680K, reserved 1048576K
GC Heap History (10 events):
Event: 3.816 GC heap before
{Heap before GC invocations=9 (full 1):
 PSYoungGen      total 72704K, used 61952K [0x00000000d5580000, 0x00000000de280000, 0x0000000100000000)
  eden space 61952K, 100% used [0x00000000d5580000,0x00000000d9200000,0x00000000d9200000)
  from space 10752K, 0% used [0x00000000d9200000,0x00000000d9200000,0x00000000d9c80000)
  to   space 10240K, 0% used [0x00000000dd880000,0x00000000dd880000,0x00000000de280000)
 ParOldGen       total 52224K, used 7446K [0x0000000080000000, 0x0000000083300000, 0x00000000d5580000)
  object space 52224K, 14% used [0x0000000080000000,0x0000000080745b58,0x0000000083300000)
 Metaspace       used 25151K, capacity 26176K, committed 26496K, reserved 1071104K
  class space    used 3605K, capacity 3855K, committed 3968K, reserved 1048576K
Event: 3.822 GC heap after
Heap after GC invocations=9 (full 1):
 PSYoungGen      total 110592K, used 6277K [0x00000000d5580000, 0x00000000ddf00000, 0x0000000100000000)
  eden space 103936K, 0% used [0x00000000d5580000,0x00000000d5580000,0x00000000dbb00000)
  from space 6656K, 94% used [0x00000000dd880000,0x00000000ddea1758,0x00000000ddf00000)
  to   space 10240K, 0% used [0x00000000dcb00000,0x00000000dcb00000,0x00000000dd500000)
 ParOldGen       total 52224K, used 7454K [0x0000000080000000, 0x0000000083300000, 0x00000000d5580000)
  object space 52224K, 14% used [0x0000000080000000,0x0000000080747b58,0x0000000083300000)
 Metaspace       used 25151K, capacity 26176K, committed 26496K, reserved 1071104K
  class space    used 3605K, capacity 3855K, committed 3968K, reserved 1048576K
}
Event: 4.984 GC heap before
{Heap before GC invocations=10 (full 1):
 PSYoungGen      total 110592K, used 104202K [0x00000000d5580000, 0x00000000ddf00000, 0x0000000100000000)
  eden space 103936K, 94% used [0x00000000d5580000,0x00000000db521190,0x00000000dbb00000)
  from space 6656K, 94% used [0x00000000dd880000,0x00000000ddea1758,0x00000000ddf00000)
  to   space 10240K, 0% used [0x00000000dcb00000,0x00000000dcb00000,0x00000000dd500000)
 ParOldGen       total 52224K, used 7454K [0x0000000080000000, 0x0000000083300000, 0x00000000d5580000)
  object space 52224K, 14% used [0x0000000080000000,0x0000000080747b58,0x0000000083300000)
 Metaspace       used 34053K, capacity 35388K, committed 35456K, reserved 1079296K
  class space    used 4608K, capacity 4977K, committed 4992K, reserved 1048576K
Event: 5.011 GC heap after
Heap after GC invocations=10 (full 1):
 PSYoungGen      total 130560K, used 10216K [0x00000000d5580000, 0x00000000dfb00000, 0x0000000100000000)
  eden space 120320K, 0% used [0x00000000d5580000,0x00000000d5580000,0x00000000dcb00000)
  from space 10240K, 99% used [0x00000000dcb00000,0x00000000dd4fa010,0x00000000dd500000)
  to   space 12288K, 0% used [0x00000000def00000,0x00000000def00000,0x00000000dfb00000)
 ParOldGen       total 52224K, used 10141K [0x0000000080000000, 0x0000000083300000, 0x00000000d5580000)
  object space 52224K, 19% used [0x0000000080000000,0x00000000809e7400,0x0000000083300000)
 Metaspace       used 34053K, capacity 35388K, committed 35456K, reserved 1079296K
  class space    used 4608K, capacity 4977K, committed 4992K, reserved 1048576K
}
Event: 5.011 GC heap before
{Heap before GC invocations=11 (full 2):
 PSYoungGen      total 130560K, used 10216K [0x00000000d5580000, 0x00000000dfb00000, 0x0000000100000000)
  eden space 120320K, 0% used [0x00000000d5580000,0x00000000d5580000,0x00000000dcb00000)
  from space 10240K, 99% used [0x00000000dcb00000,0x00000000dd4fa010,0x00000000dd500000)
  to   space 12288K, 0% used [0x00000000def00000,0x00000000def00000,0x00000000dfb00000)
 ParOldGen       total 52224K, used 10141K [0x0000000080000000, 0x0000000083300000, 0x00000000d5580000)
  object space 52224K, 19% used [0x0000000080000000,0x00000000809e7400,0x0000000083300000)
 Metaspace       used 34053K, capacity 35388K, committed 35456K, reserved 1079296K
  class space    used 4608K, capacity 4977K, committed 4992K, reserved 1048576K
Event: 5.106 GC heap after
Heap after GC invocations=11 (full 2):
 PSYoungGen      total 130560K, used 0K [0x00000000d5580000, 0x00000000dfb00000, 0x0000000100000000)
  eden space 120320K, 0% used [0x00000000d5580000,0x00000000d5580000,0x00000000dcb00000)
  from space 10240K, 0% used [0x00000000dcb00000,0x00000000dcb00000,0x00000000dd500000)
  to   space 12288K, 0% used [0x00000000def00000,0x00000000def00000,0x00000000dfb00000)
 ParOldGen       total 84480K, used 19630K [0x0000000080000000, 0x0000000085280000, 0x00000000d5580000)
  object space 84480K, 23% used [0x0000000080000000,0x000000008132bba0,0x0000000085280000)
 Metaspace       used 34053K, capacity 35388K, committed 35456K, reserved 1079296K
  class space    used 4608K, capacity 4977K, committed 4992K, reserved 1048576K
}
Event: 6.261 GC heap before
{Heap before GC invocations=12 (full 2):
 PSYoungGen      total 130560K, used 120320K [0x00000000d5580000, 0x00000000dfb00000, 0x0000000100000000)
  eden space 120320K, 100% used [0x00000000d5580000,0x00000000dcb00000,0x00000000dcb00000)
  from space 10240K, 0% used [0x00000000dcb00000,0x00000000dcb00000,0x00000000dd500000)
  to   space 12288K, 0% used [0x00000000def00000,0x00000000def00000,0x00000000dfb00000)
 ParOldGen       total 84480K, used 19630K [0x0000000080000000, 0x0000000085280000, 0x00000000d5580000)
  object space 84480K, 23% used [0x0000000080000000,0x000000008132bba0,0x0000000085280000)
 Metaspace       used 38372K, capacity 40206K, committed 40320K, reserved 1083392K
  class space    used 5276K, capacity 5662K, committed 5760K, reserved 1048576K
Event: 6.275 GC heap after
Heap after GC invocations=12 (full 2):
 PSYoungGen      total 156672K, used 9351K [0x00000000d5580000, 0x00000000e0500000, 0x0000000100000000)
  eden space 144384K, 0% used [0x00000000d5580000,0x00000000d5580000,0x00000000de280000)
  from space 12288K, 76% used [0x00000000def00000,0x00000000df821c30,0x00000000dfb00000)
  to   space 12800K, 0% used [0x00000000de280000,0x00000000de280000,0x00000000def00000)
 ParOldGen       total 84480K, used 19638K [0x0000000080000000, 0x0000000085280000, 0x00000000d5580000)
  object space 84480K, 23% used [0x0000000080000000,0x000000008132dba0,0x0000000085280000)
 Metaspace       used 38372K, capacity 40206K, committed 40320K, reserved 1083392K
  class space    used 5276K, capacity 5662K, committed 5760K, reserved 1048576K
}
Event: 7.947 GC heap before
{Heap before GC invocations=13 (full 2):
 PSYoungGen      total 156672K, used 153264K [0x00000000d5580000, 0x00000000e0500000, 0x0000000100000000)
  eden space 144384K, 99% used [0x00000000d5580000,0x00000000de20a540,0x00000000de280000)
  from space 12288K, 76% used [0x00000000def00000,0x00000000df821c30,0x00000000dfb00000)
  to   space 12800K, 0% used [0x00000000de280000,0x00000000de280000,0x00000000def00000)
 ParOldGen       total 84480K, used 19638K [0x0000000080000000, 0x0000000085280000, 0x00000000d5580000)
  object space 84480K, 23% used [0x0000000080000000,0x000000008132dba0,0x0000000085280000)
 Metaspace       used 51921K, capacity 54104K, committed 54272K, reserved 1095680K
  class space    used 6917K, capacity 7368K, committed 7424K, reserved 1048576K
Event: 7.972 GC heap after
Heap after GC invocations=13 (full 2):
 PSYoungGen      total 157184K, used 12785K [0x00000000d5580000, 0x00000000e2b80000, 0x0000000100000000)
  eden space 144384K, 0% used [0x00000000d5580000,0x00000000d5580000,0x00000000de280000)
  from space 12800K, 99% used [0x00000000de280000,0x00000000deefc440,0x00000000def00000)
  to   space 18432K, 0% used [0x00000000e1980000,0x00000000e1980000,0x00000000e2b80000)
 ParOldGen       total 84480K, used 30835K [0x0000000080000000, 0x0000000085280000, 0x00000000d5580000)
  object space 84480K, 36% used [0x0000000080000000,0x0000000081e1cc90,0x0000000085280000)
 Metaspace       used 51921K, capacity 54104K, committed 54272K, reserved 1095680K
  class space    used 6917K, capacity 7368K, committed 7424K, reserved 1048576K
}

