# JRE version: OpenJDK Runtime Environment (8.0_242-b01) (build 1.8.0_242-release-1644-b01)
# Java VM: OpenJDK 64-Bit Server VM (25.242-b01 mixed mode windows-amd64 compressed oops)
Heap:
 PSYoungGen      total 71168K, used 47997K [0x00000000d5580000, 0x00000000dd600000, 0x0000000100000000)
  eden space 61952K, 64% used [0x00000000d5580000,0x00000000d7c91800,0x00000000d9200000)
  from space 9216K, 86% used [0x00000000d9c80000,0x00000000da44de10,0x00000000da580000)
  to   space 10752K, 0% used [0x00000000d9200000,0x00000000d9200000,0x00000000d9c80000)
 ParOldGen       total 48640K, used 7124K [0x0000000080000000, 0x0000000082f80000, 0x00000000d5580000)
  object space 48640K, 14% used [0x0000000080000000,0x00000000806f50b0,0x0000000082f80000)
 Metaspace       used 31675K, capacity 32658K, committed 32816K, reserved 1077248K
  class space    used 4325K, capacity 4574K, committed 4656K, reserved 1048576K
GC Heap History (10 events):
Event: 3.143 GC heap before
{Heap before GC invocations=5 (full 0):
 PSYoungGen      total 36864K, used 36848K [0x00000000d5580000, 0x00000000d9d80000, 0x0000000100000000)
  eden space 31744K, 100% used [0x00000000d5580000,0x00000000d7480000,0x00000000d7480000)
  from space 5120K, 99% used [0x00000000d7980000,0x00000000d7e7c030,0x00000000d7e80000)
  to   space 5120K, 0% used [0x00000000d7480000,0x00000000d7480000,0x00000000d7980000)
 ParOldGen       total 84992K, used 2713K [0x0000000080000000, 0x0000000085300000, 0x00000000d5580000)
  object space 84992K, 3% used [0x0000000080000000,0x00000000802a6430,0x0000000085300000)
 Metaspace       used 17191K, capacity 17820K, committed 17920K, reserved 1064960K
  class space    used 2345K, capacity 2530K, committed 2560K, reserved 1048576K
Event: 3.155 GC heap after
Heap after GC invocations=5 (full 0):
 PSYoungGen      total 36864K, used 5104K [0x00000000d5580000, 0x00000000da580000, 0x0000000100000000)
  eden space 31744K, 0% used [0x00000000d5580000,0x00000000d5580000,0x00000000d7480000)
  from space 5120K, 99% used [0x00000000d7480000,0x00000000d797c050,0x00000000d7980000)
  to   space 9216K, 0% used [0x00000000d9c80000,0x00000000d9c80000,0x00000000da580000)
 ParOldGen       total 84992K, used 5152K [0x0000000080000000, 0x0000000085300000, 0x00000000d5580000)
  object space 84992K, 6% used [0x0000000080000000,0x00000000805082f0,0x0000000085300000)
 Metaspace       used 17191K, capacity 17820K, committed 17920K, reserved 1064960K
  class space    used 2345K, capacity 2530K, committed 2560K, reserved 1048576K
}
Event: 3.525 GC heap before
{Heap before GC invocations=6 (full 0):
 PSYoungGen      total 36864K, used 36848K [0x00000000d5580000, 0x00000000da580000, 0x0000000100000000)
  eden space 31744K, 100% used [0x00000000d5580000,0x00000000d7480000,0x00000000d7480000)
  from space 5120K, 99% used [0x00000000d7480000,0x00000000d797c050,0x00000000d7980000)
  to   space 9216K, 0% used [0x00000000d9c80000,0x00000000d9c80000,0x00000000da580000)
 ParOldGen       total 84992K, used 5152K [0x0000000080000000, 0x0000000085300000, 0x00000000d5580000)
  object space 84992K, 6% used [0x0000000080000000,0x00000000805082f0,0x0000000085300000)
 Metaspace       used 20088K, capacity 20734K, committed 20992K, reserved 1067008K
  class space    used 2804K, capacity 2979K, committed 3072K, reserved 1048576K
Event: 3.542 GC heap after
Heap after GC invocations=6 (full 0):
 PSYoungGen      total 71168K, used 9016K [0x00000000d5580000, 0x00000000da880000, 0x0000000100000000)
  eden space 61952K, 0% used [0x00000000d5580000,0x00000000d5580000,0x00000000d9200000)
  from space 9216K, 97% used [0x00000000d9c80000,0x00000000da54e288,0x00000000da580000)
  to   space 10752K, 0% used [0x00000000d9200000,0x00000000d9200000,0x00000000d9c80000)
 ParOldGen       total 84992K, used 5160K [0x0000000080000000, 0x0000000085300000, 0x00000000d5580000)
  object space 84992K, 6% used [0x0000000080000000,0x000000008050a2f0,0x0000000085300000)
 Metaspace       used 20088K, capacity 20734K, committed 20992K, reserved 1067008K
  class space    used 2804K, capacity 2979K, committed 3072K, reserved 1048576K
}
Event: 3.618 GC heap before
{Heap before GC invocations=7 (full 0):
 PSYoungGen      total 71168K, used 18268K [0x00000000d5580000, 0x00000000da880000, 0x0000000100000000)
  eden space 61952K, 14% used [0x00000000d5580000,0x00000000d5e890b0,0x00000000d9200000)
  from space 9216K, 97% used [0x00000000d9c80000,0x00000000da54e288,0x00000000da580000)
  to   space 10752K, 0% used [0x00000000d9200000,0x00000000d9200000,0x00000000d9c80000)
 ParOldGen       total 84992K, used 5160K [0x0000000080000000, 0x0000000085300000, 0x00000000d5580000)
  object space 84992K, 6% used [0x0000000080000000,0x000000008050a2f0,0x0000000085300000)
 Metaspace       used 20585K, capacity 21220K, committed 21296K, reserved 1067008K
  class space    used 2882K, capacity 3076K, committed 3120K, reserved 1048576K
Event: 3.631 GC heap after
Heap after GC invocations=7 (full 0):
 PSYoungGen      total 72704K, used 4639K [0x00000000d5580000, 0x00000000da880000, 0x0000000100000000)
  eden space 61952K, 0% used [0x00000000d5580000,0x00000000d5580000,0x00000000d9200000)
  from space 10752K, 43% used [0x00000000d9200000,0x00000000d9687fc0,0x00000000d9c80000)
  to   space 9216K, 0% used [0x00000000d9c80000,0x00000000d9c80000,0x00000000da580000)
 ParOldGen       total 84992K, used 7508K [0x0000000080000000, 0x0000000085300000, 0x00000000d5580000)
  object space 84992K, 8% used [0x0000000080000000,0x0000000080755350,0x0000000085300000)
 Metaspace       used 20585K, capacity 21220K, committed 21296K, reserved 1067008K
  class space    used 2882K, capacity 3076K, committed 3120K, reserved 1048576K
}
Event: 3.631 GC heap before
{Heap before GC invocations=8 (full 1):
 PSYoungGen      total 72704K, used 4639K [0x00000000d5580000, 0x00000000da880000, 0x0000000100000000)
  eden space 61952K, 0% used [0x00000000d5580000,0x00000000d5580000,0x00000000d9200000)
  from space 10752K, 43% used [0x00000000d9200000,0x00000000d9687fc0,0x00000000d9c80000)
  to   space 9216K, 0% used [0x00000000d9c80000,0x00000000d9c80000,0x00000000da580000)
 ParOldGen       total 84992K, used 7508K [0x0000000080000000, 0x0000000085300000, 0x00000000d5580000)
  object space 84992K, 8% used [0x0000000080000000,0x0000000080755350,0x0000000085300000)
 Metaspace       used 20585K, capacity 21220K, committed 21296K, reserved 1067008K
  class space    used 2882K, capacity 3076K, committed 3120K, reserved 1048576K
Event: 3.678 GC heap after
Heap after GC invocations=8 (full 1):
 PSYoungGen      total 72704K, used 0K [0x00000000d5580000, 0x00000000da880000, 0x0000000100000000)
  eden space 61952K, 0% used [0x00000000d5580000,0x00000000d5580000,0x00000000d9200000)
  from space 10752K, 0% used [0x00000000d9200000,0x00000000d9200000,0x00000000d9c80000)
  to   space 9216K, 0% used [0x00000000d9c80000,0x00000000d9c80000,0x00000000da580000)
 ParOldGen       total 48640K, used 7116K [0x0000000080000000, 0x0000000082f80000, 0x00000000d5580000)
  object space 48640K, 14% used [0x0000000080000000,0x00000000806f30b0,0x0000000082f80000)
 Metaspace       used 20585K, capacity 21220K, committed 21296K, reserved 1067008K
  class space    used 2882K, capacity 3076K, committed 3120K, reserved 1048576K
}
Event: 4.310 GC heap before
{Heap before GC invocations=9 (full 1):
 PSYoungGen      total 72704K, used 61952K [0x00000000d5580000, 0x00000000da880000, 0x0000000100000000)
  eden space 61952K, 100% used [0x00000000d5580000,0x00000000d9200000,0x00000000d9200000)
  from space 10752K, 0% used [0x00000000d9200000,0x00000000d9200000,0x00000000d9c80000)
  to   space 9216K, 0% used [0x00000000d9c80000,0x00000000d9c80000,0x00000000da580000)
 ParOldGen       total 48640K, used 7116K [0x0000000080000000, 0x0000000082f80000, 0x00000000d5580000)
  object space 48640K, 14% used [0x0000000080000000,0x00000000806f30b0,0x0000000082f80000)
 Metaspace       used 28439K, capacity 29306K, committed 29616K, reserved 1075200K
  class space    used 3940K, capacity 4187K, committed 4272K, reserved 1048576K
Event: 4.317 GC heap after
Heap after GC invocations=9 (full 1):
 PSYoungGen      total 71168K, used 7991K [0x00000000d5580000, 0x00000000dd600000, 0x0000000100000000)
  eden space 61952K, 0% used [0x00000000d5580000,0x00000000d5580000,0x00000000d9200000)
  from space 9216K, 86% used [0x00000000d9c80000,0x00000000da44de10,0x00000000da580000)
  to   space 10752K, 0% used [0x00000000d9200000,0x00000000d9200000,0x00000000d9c80000)
 ParOldGen       total 48640K, used 7124K [0x0000000080000000, 0x0000000082f80000, 0x00000000d5580000)
  object space 48640K, 14% used [0x0000000080000000,0x00000000806f50b0,0x0000000082f80000)
 Metaspace       used 28439K, capacity 29306K, committed 29616K, reserved 1075200K
  class space    used 3940K, capacity 4187K, committed 4272K, reserved 1048576K
}

