# JRE version: OpenJDK Runtime Environment (8.0_242-b01) (build 1.8.0_242-release-1644-b01)
# Java VM: OpenJDK 64-Bit Server VM (25.242-b01 mixed mode windows-amd64 compressed oops)
Heap:
 PSYoungGen      total 292352K, used 69676K [0x00000000d5580000, 0x00000000e9080000, 0x0000000100000000)
  eden space 275456K, 25% used [0x00000000d5580000,0x00000000d998b3b0,0x00000000e6280000)
  from space 16896K, 0% used [0x00000000e7900000,0x00000000e7900000,0x00000000e8980000)
  to   space 23040K, 0% used [0x00000000e6280000,0x00000000e6280000,0x00000000e7900000)
 ParOldGen       total 126464K, used 39826K [0x0000000080000000, 0x0000000087b80000, 0x00000000d5580000)
  object space 126464K, 31% used [0x0000000080000000,0x00000000826e4a30,0x0000000087b80000)
 Metaspace       used 60969K, capacity 63532K, committed 63704K, reserved 1103872K
  class space    used 8145K, capacity 8661K, committed 8704K, reserved 1048576K
GC Heap History (10 events):
Event: 5.134 GC heap before
{Heap before GC invocations=9 (full 1):
 PSYoungGen      total 138240K, used 30935K [0x00000000d5580000, 0x00000000e4000000, 0x0000000100000000)
  eden space 126976K, 15% used [0x00000000d5580000,0x00000000d68ba618,0x00000000dd180000)
  from space 11264K, 99% used [0x00000000dd180000,0x00000000ddc7b648,0x00000000ddc80000)
  to   space 14336K, 0% used [0x00000000e3200000,0x00000000e3200000,0x00000000e4000000)
 ParOldGen       total 54784K, used 10029K [0x0000000080000000, 0x0000000083580000, 0x00000000d5580000)
  object space 54784K, 18% used [0x0000000080000000,0x00000000809cb7c0,0x0000000083580000)
 Metaspace       used 34196K, capacity 35330K, committed 35456K, reserved 1079296K
  class space    used 4622K, capacity 4918K, committed 4992K, reserved 1048576K
Event: 5.153 GC heap after
Heap after GC invocations=9 (full 1):
 PSYoungGen      total 226304K, used 8445K [0x00000000d5580000, 0x00000000e4600000, 0x0000000100000000)
  eden space 211968K, 0% used [0x00000000d5580000,0x00000000d5580000,0x00000000e2480000)
  from space 14336K, 58% used [0x00000000e3200000,0x00000000e3a3f468,0x00000000e4000000)
  to   space 13824K, 0% used [0x00000000e2480000,0x00000000e2480000,0x00000000e3200000)
 ParOldGen       total 54784K, used 10037K [0x0000000080000000, 0x0000000083580000, 0x00000000d5580000)
  object space 54784K, 18% used [0x0000000080000000,0x00000000809cd7c0,0x0000000083580000)
 Metaspace       used 34196K, capacity 35330K, committed 35456K, reserved 1079296K
  class space    used 4622K, capacity 4918K, committed 4992K, reserved 1048576K
}
Event: 5.153 GC heap before
{Heap before GC invocations=10 (full 2):
 PSYoungGen      total 226304K, used 8445K [0x00000000d5580000, 0x00000000e4600000, 0x0000000100000000)
  eden space 211968K, 0% used [0x00000000d5580000,0x00000000d5580000,0x00000000e2480000)
  from space 14336K, 58% used [0x00000000e3200000,0x00000000e3a3f468,0x00000000e4000000)
  to   space 13824K, 0% used [0x00000000e2480000,0x00000000e2480000,0x00000000e3200000)
 ParOldGen       total 54784K, used 10037K [0x0000000080000000, 0x0000000083580000, 0x00000000d5580000)
  object space 54784K, 18% used [0x0000000080000000,0x00000000809cd7c0,0x0000000083580000)
 Metaspace       used 34196K, capacity 35330K, committed 35456K, reserved 1079296K
  class space    used 4622K, capacity 4918K, committed 4992K, reserved 1048576K
Event: 5.220 GC heap after
Heap after GC invocations=10 (full 2):
 PSYoungGen      total 226304K, used 0K [0x00000000d5580000, 0x00000000e4600000, 0x0000000100000000)
  eden space 211968K, 0% used [0x00000000d5580000,0x00000000d5580000,0x00000000e2480000)
  from space 14336K, 0% used [0x00000000e3200000,0x00000000e3200000,0x00000000e4000000)
  to   space 13824K, 0% used [0x00000000e2480000,0x00000000e2480000,0x00000000e3200000)
 ParOldGen       total 79360K, used 15362K [0x0000000080000000, 0x0000000084d80000, 0x00000000d5580000)
  object space 79360K, 19% used [0x0000000080000000,0x0000000080f00be0,0x0000000084d80000)
 Metaspace       used 34196K, capacity 35330K, committed 35456K, reserved 1079296K
  class space    used 4622K, capacity 4918K, committed 4992K, reserved 1048576K
}
Event: 7.745 GC heap before
{Heap before GC invocations=11 (full 2):
 PSYoungGen      total 226304K, used 211968K [0x00000000d5580000, 0x00000000e4600000, 0x0000000100000000)
  eden space 211968K, 100% used [0x00000000d5580000,0x00000000e2480000,0x00000000e2480000)
  from space 14336K, 0% used [0x00000000e3200000,0x00000000e3200000,0x00000000e4000000)
  to   space 13824K, 0% used [0x00000000e2480000,0x00000000e2480000,0x00000000e3200000)
 ParOldGen       total 79360K, used 15362K [0x0000000080000000, 0x0000000084d80000, 0x00000000d5580000)
  object space 79360K, 19% used [0x0000000080000000,0x0000000080f00be0,0x0000000084d80000)
 Metaspace       used 42773K, capacity 44788K, committed 44928K, reserved 1087488K
  class space    used 5764K, capacity 6166K, committed 6272K, reserved 1048576K
Event: 7.772 GC heap after
Heap after GC invocations=11 (full 2):
 PSYoungGen      total 225792K, used 13801K [0x00000000d5580000, 0x00000000e8980000, 0x0000000100000000)
  eden space 211968K, 0% used [0x00000000d5580000,0x00000000d5580000,0x00000000e2480000)
  from space 13824K, 99% used [0x00000000e2480000,0x00000000e31fa778,0x00000000e3200000)
  to   space 16896K, 0% used [0x00000000e7900000,0x00000000e7900000,0x00000000e8980000)
 ParOldGen       total 79360K, used 18524K [0x0000000080000000, 0x0000000084d80000, 0x00000000d5580000)
  object space 79360K, 23% used [0x0000000080000000,0x0000000081217028,0x0000000084d80000)
 Metaspace       used 42773K, capacity 44788K, committed 44928K, reserved 1087488K
  class space    used 5764K, capacity 6166K, committed 6272K, reserved 1048576K
}
Event: 9.987 GC heap before
{Heap before GC invocations=12 (full 2):
 PSYoungGen      total 225792K, used 150752K [0x00000000d5580000, 0x00000000e8980000, 0x0000000100000000)
  eden space 211968K, 64% used [0x00000000d5580000,0x00000000ddb3dc18,0x00000000e2480000)
  from space 13824K, 99% used [0x00000000e2480000,0x00000000e31fa778,0x00000000e3200000)
  to   space 16896K, 0% used [0x00000000e7900000,0x00000000e7900000,0x00000000e8980000)
 ParOldGen       total 79360K, used 18524K [0x0000000080000000, 0x0000000084d80000, 0x00000000d5580000)
  object space 79360K, 23% used [0x0000000080000000,0x0000000081217028,0x0000000084d80000)
 Metaspace       used 56735K, capacity 59002K, committed 59096K, reserved 1099776K
  class space    used 7441K, capacity 7913K, committed 7936K, reserved 1048576K
Event: 10.016 GC heap after
Heap after GC invocations=12 (full 2):
 PSYoungGen      total 292352K, used 16884K [0x00000000d5580000, 0x00000000e9080000, 0x0000000100000000)
  eden space 275456K, 0% used [0x00000000d5580000,0x00000000d5580000,0x00000000e6280000)
  from space 16896K, 99% used [0x00000000e7900000,0x00000000e897d350,0x00000000e8980000)
  to   space 23040K, 0% used [0x00000000e6280000,0x00000000e6280000,0x00000000e7900000)
 ParOldGen       total 79360K, used 28647K [0x0000000080000000, 0x0000000084d80000, 0x00000000d5580000)
  object space 79360K, 36% used [0x0000000080000000,0x0000000081bf9e58,0x0000000084d80000)
 Metaspace       used 56735K, capacity 59002K, committed 59096K, reserved 1099776K
  class space    used 7441K, capacity 7913K, committed 7936K, reserved 1048576K
}
Event: 10.016 GC heap before
{Heap before GC invocations=13 (full 3):
 PSYoungGen      total 292352K, used 16884K [0x00000000d5580000, 0x00000000e9080000, 0x0000000100000000)
  eden space 275456K, 0% used [0x00000000d5580000,0x00000000d5580000,0x00000000e6280000)
  from space 16896K, 99% used [0x00000000e7900000,0x00000000e897d350,0x00000000e8980000)
  to   space 23040K, 0% used [0x00000000e6280000,0x00000000e6280000,0x00000000e7900000)
 ParOldGen       total 79360K, used 28647K [0x0000000080000000, 0x0000000084d80000, 0x00000000d5580000)
  object space 79360K, 36% used [0x0000000080000000,0x0000000081bf9e58,0x0000000084d80000)
 Metaspace       used 56735K, capacity 59002K, committed 59096K, reserved 1099776K
  class space    used 7441K, capacity 7913K, committed 7936K, reserved 1048576K
Event: 10.252 GC heap after
Heap after GC invocations=13 (full 3):
 PSYoungGen      total 292352K, used 0K [0x00000000d5580000, 0x00000000e9080000, 0x0000000100000000)
  eden space 275456K, 0% used [0x00000000d5580000,0x00000000d5580000,0x00000000e6280000)
  from space 16896K, 0% used [0x00000000e7900000,0x00000000e7900000,0x00000000e8980000)
  to   space 23040K, 0% used [0x00000000e6280000,0x00000000e6280000,0x00000000e7900000)
 ParOldGen       total 126464K, used 39826K [0x0000000080000000, 0x0000000087b80000, 0x00000000d5580000)
  object space 126464K, 31% used [0x0000000080000000,0x00000000826e4a30,0x0000000087b80000)
 Metaspace       used 56671K, capacity 58838K, committed 59096K, reserved 1099776K
  class space    used 7424K, capacity 7891K, committed 7936K, reserved 1048576K
}

