# JRE version: OpenJDK Runtime Environment (8.0_242-b01) (build 1.8.0_242-release-1644-b01)
# Java VM: OpenJDK 64-Bit Server VM (25.242-b01 mixed mode windows-amd64 compressed oops)
Heap:
 PSYoungGen      total 72704K, used 60752K [0x00000000d5580000, 0x00000000dd580000, 0x0000000100000000)
  eden space 62976K, 87% used [0x00000000d5580000,0x00000000d8b423e0,0x00000000d9300000)
  from space 9728K, 58% used [0x00000000d9d00000,0x00000000da291da0,0x00000000da680000)
  to   space 10240K, 0% used [0x00000000d9300000,0x00000000d9300000,0x00000000d9d00000)
 ParOldGen       total 48640K, used 6911K [0x0000000080000000, 0x0000000082f80000, 0x00000000d5580000)
  object space 48640K, 14% used [0x0000000080000000,0x00000000806bfc80,0x0000000082f80000)
 Metaspace       used 31853K, capacity 32940K, committed 33152K, reserved 1077248K
  class space    used 4312K, capacity 4619K, committed 4736K, reserved 1048576K
GC Heap History (10 events):
Event: 3.178 GC heap before
{Heap before GC invocations=5 (full 0):
 PSYoungGen      total 36864K, used 36832K [0x00000000d5580000, 0x00000000d9d80000, 0x0000000100000000)
  eden space 31744K, 100% used [0x00000000d5580000,0x00000000d7480000,0x00000000d7480000)
  from space 5120K, 99% used [0x00000000d7980000,0x00000000d7e78020,0x00000000d7e80000)
  to   space 5120K, 0% used [0x00000000d7480000,0x00000000d7480000,0x00000000d7980000)
 ParOldGen       total 84992K, used 2693K [0x0000000080000000, 0x0000000085300000, 0x00000000d5580000)
  object space 84992K, 3% used [0x0000000080000000,0x00000000802a1748,0x0000000085300000)
 Metaspace       used 17220K, capacity 17890K, committed 18176K, reserved 1064960K
  class space    used 2345K, capacity 2541K, committed 2560K, reserved 1048576K
Event: 3.191 GC heap after
Heap after GC invocations=5 (full 0):
 PSYoungGen      total 36864K, used 5104K [0x00000000d5580000, 0x00000000da680000, 0x0000000100000000)
  eden space 31744K, 0% used [0x00000000d5580000,0x00000000d5580000,0x00000000d7480000)
  from space 5120K, 99% used [0x00000000d7480000,0x00000000d797c030,0x00000000d7980000)
  to   space 9728K, 0% used [0x00000000d9d00000,0x00000000d9d00000,0x00000000da680000)
 ParOldGen       total 84992K, used 5204K [0x0000000080000000, 0x0000000085300000, 0x00000000d5580000)
  object space 84992K, 6% used [0x0000000080000000,0x00000000805152c8,0x0000000085300000)
 Metaspace       used 17220K, capacity 17890K, committed 18176K, reserved 1064960K
  class space    used 2345K, capacity 2541K, committed 2560K, reserved 1048576K
}
Event: 3.613 GC heap before
{Heap before GC invocations=6 (full 0):
 PSYoungGen      total 36864K, used 36848K [0x00000000d5580000, 0x00000000da680000, 0x0000000100000000)
  eden space 31744K, 100% used [0x00000000d5580000,0x00000000d7480000,0x00000000d7480000)
  from space 5120K, 99% used [0x00000000d7480000,0x00000000d797c030,0x00000000d7980000)
  to   space 9728K, 0% used [0x00000000d9d00000,0x00000000d9d00000,0x00000000da680000)
 ParOldGen       total 84992K, used 5204K [0x0000000080000000, 0x0000000085300000, 0x00000000d5580000)
  object space 84992K, 6% used [0x0000000080000000,0x00000000805152c8,0x0000000085300000)
 Metaspace       used 20108K, capacity 20840K, committed 20992K, reserved 1067008K
  class space    used 2808K, capacity 2996K, committed 3072K, reserved 1048576K
Event: 3.626 GC heap after
Heap after GC invocations=6 (full 0):
 PSYoungGen      total 72192K, used 8928K [0x00000000d5580000, 0x00000000da880000, 0x0000000100000000)
  eden space 62464K, 0% used [0x00000000d5580000,0x00000000d5580000,0x00000000d9280000)
  from space 9728K, 91% used [0x00000000d9d00000,0x00000000da5b8328,0x00000000da680000)
  to   space 10752K, 0% used [0x00000000d9280000,0x00000000d9280000,0x00000000d9d00000)
 ParOldGen       total 84992K, used 5212K [0x0000000080000000, 0x0000000085300000, 0x00000000d5580000)
  object space 84992K, 6% used [0x0000000080000000,0x00000000805172c8,0x0000000085300000)
 Metaspace       used 20108K, capacity 20840K, committed 20992K, reserved 1067008K
  class space    used 2808K, capacity 2996K, committed 3072K, reserved 1048576K
}
Event: 3.698 GC heap before
{Heap before GC invocations=7 (full 0):
 PSYoungGen      total 72192K, used 13060K [0x00000000d5580000, 0x00000000da880000, 0x0000000100000000)
  eden space 62464K, 6% used [0x00000000d5580000,0x00000000d5988de0,0x00000000d9280000)
  from space 9728K, 91% used [0x00000000d9d00000,0x00000000da5b8328,0x00000000da680000)
  to   space 10752K, 0% used [0x00000000d9280000,0x00000000d9280000,0x00000000d9d00000)
 ParOldGen       total 84992K, used 5212K [0x0000000080000000, 0x0000000085300000, 0x00000000d5580000)
  object space 84992K, 6% used [0x0000000080000000,0x00000000805172c8,0x0000000085300000)
 Metaspace       used 20454K, capacity 21154K, committed 21248K, reserved 1067008K
  class space    used 2856K, capacity 3035K, committed 3072K, reserved 1048576K
Event: 3.713 GC heap after
Heap after GC invocations=7 (full 0):
 PSYoungGen      total 73216K, used 4292K [0x00000000d5580000, 0x00000000da880000, 0x0000000100000000)
  eden space 62464K, 0% used [0x00000000d5580000,0x00000000d5580000,0x00000000d9280000)
  from space 10752K, 39% used [0x00000000d9280000,0x00000000d96b1050,0x00000000d9d00000)
  to   space 9728K, 0% used [0x00000000d9d00000,0x00000000d9d00000,0x00000000da680000)
 ParOldGen       total 84992K, used 7592K [0x0000000080000000, 0x0000000085300000, 0x00000000d5580000)
  object space 84992K, 8% used [0x0000000080000000,0x000000008076a328,0x0000000085300000)
 Metaspace       used 20454K, capacity 21154K, committed 21248K, reserved 1067008K
  class space    used 2856K, capacity 3035K, committed 3072K, reserved 1048576K
}
Event: 3.713 GC heap before
{Heap before GC invocations=8 (full 1):
 PSYoungGen      total 73216K, used 4292K [0x00000000d5580000, 0x00000000da880000, 0x0000000100000000)
  eden space 62464K, 0% used [0x00000000d5580000,0x00000000d5580000,0x00000000d9280000)
  from space 10752K, 39% used [0x00000000d9280000,0x00000000d96b1050,0x00000000d9d00000)
  to   space 9728K, 0% used [0x00000000d9d00000,0x00000000d9d00000,0x00000000da680000)
 ParOldGen       total 84992K, used 7592K [0x0000000080000000, 0x0000000085300000, 0x00000000d5580000)
  object space 84992K, 8% used [0x0000000080000000,0x000000008076a328,0x0000000085300000)
 Metaspace       used 20454K, capacity 21154K, committed 21248K, reserved 1067008K
  class space    used 2856K, capacity 3035K, committed 3072K, reserved 1048576K
Event: 3.765 GC heap after
Heap after GC invocations=8 (full 1):
 PSYoungGen      total 73216K, used 0K [0x00000000d5580000, 0x00000000da880000, 0x0000000100000000)
  eden space 62464K, 0% used [0x00000000d5580000,0x00000000d5580000,0x00000000d9280000)
  from space 10752K, 0% used [0x00000000d9280000,0x00000000d9280000,0x00000000d9d00000)
  to   space 9728K, 0% used [0x00000000d9d00000,0x00000000d9d00000,0x00000000da680000)
 ParOldGen       total 48640K, used 6903K [0x0000000080000000, 0x0000000082f80000, 0x00000000d5580000)
  object space 48640K, 14% used [0x0000000080000000,0x00000000806bdc80,0x0000000082f80000)
 Metaspace       used 20454K, capacity 21154K, committed 21248K, reserved 1067008K
  class space    used 2856K, capacity 3035K, committed 3072K, reserved 1048576K
}
Event: 4.362 GC heap before
{Heap before GC invocations=9 (full 1):
 PSYoungGen      total 73216K, used 62464K [0x00000000d5580000, 0x00000000da880000, 0x0000000100000000)
  eden space 62464K, 100% used [0x00000000d5580000,0x00000000d9280000,0x00000000d9280000)
  from space 10752K, 0% used [0x00000000d9280000,0x00000000d9280000,0x00000000d9d00000)
  to   space 9728K, 0% used [0x00000000d9d00000,0x00000000d9d00000,0x00000000da680000)
 ParOldGen       total 48640K, used 6903K [0x0000000080000000, 0x0000000082f80000, 0x00000000d5580000)
  object space 48640K, 14% used [0x0000000080000000,0x00000000806bdc80,0x0000000082f80000)
 Metaspace       used 24224K, capacity 25280K, committed 25600K, reserved 1071104K
  class space    used 3457K, capacity 3730K, committed 3840K, reserved 1048576K
Event: 4.366 GC heap after
Heap after GC invocations=9 (full 1):
 PSYoungGen      total 72704K, used 5703K [0x00000000d5580000, 0x00000000dd580000, 0x0000000100000000)
  eden space 62976K, 0% used [0x00000000d5580000,0x00000000d5580000,0x00000000d9300000)
  from space 9728K, 58% used [0x00000000d9d00000,0x00000000da291da0,0x00000000da680000)
  to   space 10240K, 0% used [0x00000000d9300000,0x00000000d9300000,0x00000000d9d00000)
 ParOldGen       total 48640K, used 6911K [0x0000000080000000, 0x0000000082f80000, 0x00000000d5580000)
  object space 48640K, 14% used [0x0000000080000000,0x00000000806bfc80,0x0000000082f80000)
 Metaspace       used 24224K, capacity 25280K, committed 25600K, reserved 1071104K
  class space    used 3457K, capacity 3730K, committed 3840K, reserved 1048576K
}

