# JRE version: OpenJDK Runtime Environment (8.0_242-b01) (build 1.8.0_242-release-1644-b01)
# Java VM: OpenJDK 64-Bit Server VM (25.242-b01 mixed mode windows-amd64 compressed oops)
Heap:
 PSYoungGen      total 384512K, used 123073K [0x00000000d5580000, 0x00000000f1100000, 0x0000000100000000)
  eden space 346624K, 32% used [0x00000000d5580000,0x00000000dc3686c8,0x00000000ea800000)
  from space 37888K, 27% used [0x00000000ea800000,0x00000000eb248010,0x00000000ecd00000)
  to   space 35840K, 0% used [0x00000000eee00000,0x00000000eee00000,0x00000000f1100000)
 ParOldGen       total 120320K, used 91647K [0x0000000080000000, 0x0000000087580000, 0x00000000d5580000)
  object space 120320K, 76% used [0x0000000080000000,0x000000008597fce8,0x0000000087580000)
 Metaspace       used 83407K, capacity 87598K, committed 88344K, reserved 1126400K
  class space    used 11333K, capacity 12090K, committed 12320K, reserved 1048576K
GC Heap History (10 events):
Event: 18.762 GC heap before
{Heap before GC invocations=20 (full 4):
 PSYoungGen      total 356352K, used 4789K [0x00000000d5580000, 0x00000000ed980000, 0x0000000100000000)
  eden space 316416K, 0% used [0x00000000d5580000,0x00000000d5580000,0x00000000e8a80000)
  from space 39936K, 11% used [0x00000000eb280000,0x00000000eb72d6c8,0x00000000ed980000)
  to   space 40448K, 0% used [0x00000000e8a80000,0x00000000e8a80000,0x00000000eb200000)
 ParOldGen       total 120320K, used 108522K [0x0000000080000000, 0x0000000087580000, 0x00000000d5580000)
  object space 120320K, 90% used [0x0000000080000000,0x00000000869fab68,0x0000000087580000)
 Metaspace       used 83122K, capacity 87634K, committed 87704K, reserved 1124352K
  class space    used 11369K, capacity 12178K, committed 12192K, reserved 1048576K
Event: 19.115 GC heap after
Heap after GC invocations=20 (full 4):
 PSYoungGen      total 356352K, used 0K [0x00000000d5580000, 0x00000000ed980000, 0x0000000100000000)
  eden space 316416K, 0% used [0x00000000d5580000,0x00000000d5580000,0x00000000e8a80000)
  from space 39936K, 0% used [0x00000000eb280000,0x00000000eb280000,0x00000000ed980000)
  to   space 40448K, 0% used [0x00000000e8a80000,0x00000000e8a80000,0x00000000eb200000)
 ParOldGen       total 120320K, used 99159K [0x0000000080000000, 0x0000000087580000, 0x00000000d5580000)
  object space 120320K, 82% used [0x0000000080000000,0x00000000860d5ea8,0x0000000087580000)
 Metaspace       used 82887K, capacity 87016K, committed 87704K, reserved 1124352K
  class space    used 11288K, capacity 12033K, committed 12192K, reserved 1048576K
}
Event: 20.431 GC heap before
{Heap before GC invocations=21 (full 5):
 PSYoungGen      total 356352K, used 316416K [0x00000000d5580000, 0x00000000ed980000, 0x0000000100000000)
  eden space 316416K, 100% used [0x00000000d5580000,0x00000000e8a80000,0x00000000e8a80000)
  from space 39936K, 0% used [0x00000000eb280000,0x00000000eb280000,0x00000000ed980000)
  to   space 40448K, 0% used [0x00000000e8a80000,0x00000000e8a80000,0x00000000eb200000)
 ParOldGen       total 120320K, used 99159K [0x0000000080000000, 0x0000000087580000, 0x00000000d5580000)
  object space 120320K, 82% used [0x0000000080000000,0x00000000860d5ea8,0x0000000087580000)
 Metaspace       used 83240K, capacity 87448K, committed 88088K, reserved 1124352K
  class space    used 11325K, capacity 12089K, committed 12320K, reserved 1048576K
Event: 20.714 GC heap after
Heap after GC invocations=21 (full 5):
 PSYoungGen      total 356352K, used 0K [0x00000000d5580000, 0x00000000ed980000, 0x0000000100000000)
  eden space 316416K, 0% used [0x00000000d5580000,0x00000000d5580000,0x00000000e8a80000)
  from space 39936K, 0% used [0x00000000eb280000,0x00000000eb280000,0x00000000ed980000)
  to   space 40448K, 0% used [0x00000000e8a80000,0x00000000e8a80000,0x00000000eb200000)
 ParOldGen       total 120320K, used 91647K [0x0000000080000000, 0x0000000087580000, 0x00000000d5580000)
  object space 120320K, 76% used [0x0000000080000000,0x000000008597fce8,0x0000000087580000)
 Metaspace       used 83240K, capacity 87448K, committed 88088K, reserved 1124352K
  class space    used 11325K, capacity 12089K, committed 12320K, reserved 1048576K
}
Event: 22.018 GC heap before
{Heap before GC invocations=22 (full 5):
 PSYoungGen      total 356352K, used 316416K [0x00000000d5580000, 0x00000000ed980000, 0x0000000100000000)
  eden space 316416K, 100% used [0x00000000d5580000,0x00000000e8a80000,0x00000000e8a80000)
  from space 39936K, 0% used [0x00000000eb280000,0x00000000eb280000,0x00000000ed980000)
  to   space 40448K, 0% used [0x00000000e8a80000,0x00000000e8a80000,0x00000000eb200000)
 ParOldGen       total 120320K, used 91647K [0x0000000080000000, 0x0000000087580000, 0x00000000d5580000)
  object space 120320K, 76% used [0x0000000080000000,0x000000008597fce8,0x0000000087580000)
 Metaspace       used 83353K, capacity 87524K, committed 88344K, reserved 1126400K
  class space    used 11332K, capacity 12089K, committed 12320K, reserved 1048576K
Event: 22.038 GC heap after
Heap after GC invocations=22 (full 5):
 PSYoungGen      total 356864K, used 4480K [0x00000000d5580000, 0x00000000ef500000, 0x0000000100000000)
  eden space 316416K, 0% used [0x00000000d5580000,0x00000000d5580000,0x00000000e8a80000)
  from space 40448K, 11% used [0x00000000e8a80000,0x00000000e8ee0000,0x00000000eb200000)
  to   space 39424K, 0% used [0x00000000ece80000,0x00000000ece80000,0x00000000ef500000)
 ParOldGen       total 120320K, used 91647K [0x0000000080000000, 0x0000000087580000, 0x00000000d5580000)
  object space 120320K, 76% used [0x0000000080000000,0x000000008597fce8,0x0000000087580000)
 Metaspace       used 83353K, capacity 87524K, committed 88344K, reserved 1126400K
  class space    used 11332K, capacity 12089K, committed 12320K, reserved 1048576K
}
Event: 22.980 GC heap before
{Heap before GC invocations=23 (full 5):
 PSYoungGen      total 356864K, used 320896K [0x00000000d5580000, 0x00000000ef500000, 0x0000000100000000)
  eden space 316416K, 100% used [0x00000000d5580000,0x00000000e8a80000,0x00000000e8a80000)
  from space 40448K, 11% used [0x00000000e8a80000,0x00000000e8ee0000,0x00000000eb200000)
  to   space 39424K, 0% used [0x00000000ece80000,0x00000000ece80000,0x00000000ef500000)
 ParOldGen       total 120320K, used 91647K [0x0000000080000000, 0x0000000087580000, 0x00000000d5580000)
  object space 120320K, 76% used [0x0000000080000000,0x000000008597fce8,0x0000000087580000)
 Metaspace       used 83377K, capacity 87594K, committed 88344K, reserved 1126400K
  class space    used 11333K, capacity 12090K, committed 12320K, reserved 1048576K
Event: 23.001 GC heap after
Heap after GC invocations=23 (full 5):
 PSYoungGen      total 382976K, used 9312K [0x00000000d5580000, 0x00000000ef200000, 0x0000000100000000)
  eden space 346624K, 0% used [0x00000000d5580000,0x00000000d5580000,0x00000000ea800000)
  from space 36352K, 25% used [0x00000000ece80000,0x00000000ed798010,0x00000000ef200000)
  to   space 37888K, 0% used [0x00000000ea800000,0x00000000ea800000,0x00000000ecd00000)
 ParOldGen       total 120320K, used 91647K [0x0000000080000000, 0x0000000087580000, 0x00000000d5580000)
  object space 120320K, 76% used [0x0000000080000000,0x000000008597fce8,0x0000000087580000)
 Metaspace       used 83377K, capacity 87594K, committed 88344K, reserved 1126400K
  class space    used 11333K, capacity 12090K, committed 12320K, reserved 1048576K
}
Event: 23.823 GC heap before
{Heap before GC invocations=24 (full 5):
 PSYoungGen      total 382976K, used 355936K [0x00000000d5580000, 0x00000000ef200000, 0x0000000100000000)
  eden space 346624K, 100% used [0x00000000d5580000,0x00000000ea800000,0x00000000ea800000)
  from space 36352K, 25% used [0x00000000ece80000,0x00000000ed798010,0x00000000ef200000)
  to   space 37888K, 0% used [0x00000000ea800000,0x00000000ea800000,0x00000000ecd00000)
 ParOldGen       total 120320K, used 91647K [0x0000000080000000, 0x0000000087580000, 0x00000000d5580000)
  object space 120320K, 76% used [0x0000000080000000,0x000000008597fce8,0x0000000087580000)
 Metaspace       used 83401K, capacity 87598K, committed 88344K, reserved 1126400K
  class space    used 11333K, capacity 12090K, committed 12320K, reserved 1048576K
Event: 23.851 GC heap after
Heap after GC invocations=24 (full 5):
 PSYoungGen      total 384512K, used 10528K [0x00000000d5580000, 0x00000000f1100000, 0x0000000100000000)
  eden space 346624K, 0% used [0x00000000d5580000,0x00000000d5580000,0x00000000ea800000)
  from space 37888K, 27% used [0x00000000ea800000,0x00000000eb248010,0x00000000ecd00000)
  to   space 35840K, 0% used [0x00000000eee00000,0x00000000eee00000,0x00000000f1100000)
 ParOldGen       total 120320K, used 91647K [0x0000000080000000, 0x0000000087580000, 0x00000000d5580000)
  object space 120320K, 76% used [0x0000000080000000,0x000000008597fce8,0x0000000087580000)
 Metaspace       used 83401K, capacity 87598K, committed 88344K, reserved 1126400K
  class space    used 11333K, capacity 12090K, committed 12320K, reserved 1048576K
}

