# JRE version: OpenJDK Runtime Environment (8.0_242-b01) (build 1.8.0_242-release-1644-b01)
# Java VM: OpenJDK 64-Bit Server VM (25.242-b01 mixed mode windows-amd64 compressed oops)
Heap:
 PSYoungGen      total 90624K, used 88714K [0x00000000d5580000, 0x00000000dbc80000, 0x0000000100000000)
  eden space 81408K, 97% used [0x00000000d5580000,0x00000000da32a6e0,0x00000000da500000)
  from space 9216K, 99% used [0x00000000daa80000,0x00000000db3784a0,0x00000000db380000)
  to   space 6144K, 0% used [0x00000000db680000,0x00000000db680000,0x00000000dbc80000)
 ParOldGen       total 50688K, used 14464K [0x0000000080000000, 0x0000000083180000, 0x00000000d5580000)
  object space 50688K, 28% used [0x0000000080000000,0x0000000080e20048,0x0000000083180000)
 Metaspace       used 39666K, capacity 41618K, committed 41728K, reserved 1085440K
  class space    used 5462K, capacity 5863K, committed 5888K, reserved 1048576K
GC Heap History (10 events):
Event: 4.432 GC heap before
{Heap before GC invocations=9 (full 1):
 PSYoungGen      total 73216K, used 62464K [0x00000000d5580000, 0x00000000da880000, 0x0000000100000000)
  eden space 62464K, 100% used [0x00000000d5580000,0x00000000d9280000,0x00000000d9280000)
  from space 10752K, 0% used [0x00000000d9280000,0x00000000d9280000,0x00000000d9d00000)
  to   space 9728K, 0% used [0x00000000d9d00000,0x00000000d9d00000,0x00000000da680000)
 ParOldGen       total 50688K, used 7384K [0x0000000080000000, 0x0000000083180000, 0x00000000d5580000)
  object space 50688K, 14% used [0x0000000080000000,0x0000000080736020,0x0000000083180000)
 Metaspace       used 25152K, capacity 26134K, committed 26368K, reserved 1071104K
  class space    used 3587K, capacity 3819K, committed 3840K, reserved 1048576K
Event: 4.437 GC heap after
Heap after GC invocations=9 (full 1):
 PSYoungGen      total 72704K, used 6268K [0x00000000d5580000, 0x00000000dd280000, 0x0000000100000000)
  eden space 62976K, 0% used [0x00000000d5580000,0x00000000d5580000,0x00000000d9300000)
  from space 9728K, 64% used [0x00000000d9d00000,0x00000000da31f318,0x00000000da680000)
  to   space 10240K, 0% used [0x00000000d9300000,0x00000000d9300000,0x00000000d9d00000)
 ParOldGen       total 50688K, used 7392K [0x0000000080000000, 0x0000000083180000, 0x00000000d5580000)
  object space 50688K, 14% used [0x0000000080000000,0x0000000080738020,0x0000000083180000)
 Metaspace       used 25152K, capacity 26134K, committed 26368K, reserved 1071104K
  class space    used 3587K, capacity 3819K, committed 3840K, reserved 1048576K
}
Event: 4.681 GC heap before
{Heap before GC invocations=10 (full 1):
 PSYoungGen      total 72704K, used 22447K [0x00000000d5580000, 0x00000000dd280000, 0x0000000100000000)
  eden space 62976K, 25% used [0x00000000d5580000,0x00000000d654ca10,0x00000000d9300000)
  from space 9728K, 64% used [0x00000000d9d00000,0x00000000da31f318,0x00000000da680000)
  to   space 10240K, 0% used [0x00000000d9300000,0x00000000d9300000,0x00000000d9d00000)
 ParOldGen       total 50688K, used 7392K [0x0000000080000000, 0x0000000083180000, 0x00000000d5580000)
  object space 50688K, 14% used [0x0000000080000000,0x0000000080738020,0x0000000083180000)
 Metaspace       used 29143K, capacity 30126K, committed 30208K, reserved 1079296K
  class space    used 4023K, capacity 4274K, committed 4352K, reserved 1048576K
Event: 4.687 GC heap after
Heap after GC invocations=10 (full 1):
 PSYoungGen      total 73216K, used 6077K [0x00000000d5580000, 0x00000000dc000000, 0x0000000100000000)
  eden space 62976K, 0% used [0x00000000d5580000,0x00000000d5580000,0x00000000d9300000)
  from space 10240K, 59% used [0x00000000d9300000,0x00000000d98ef6e0,0x00000000d9d00000)
  to   space 9728K, 0% used [0x00000000db680000,0x00000000db680000,0x00000000dc000000)
 ParOldGen       total 50688K, used 7400K [0x0000000080000000, 0x0000000083180000, 0x00000000d5580000)
  object space 50688K, 14% used [0x0000000080000000,0x000000008073a020,0x0000000083180000)
 Metaspace       used 29143K, capacity 30126K, committed 30208K, reserved 1079296K
  class space    used 4023K, capacity 4274K, committed 4352K, reserved 1048576K
}
Event: 4.687 GC heap before
{Heap before GC invocations=11 (full 2):
 PSYoungGen      total 73216K, used 6077K [0x00000000d5580000, 0x00000000dc000000, 0x0000000100000000)
  eden space 62976K, 0% used [0x00000000d5580000,0x00000000d5580000,0x00000000d9300000)
  from space 10240K, 59% used [0x00000000d9300000,0x00000000d98ef6e0,0x00000000d9d00000)
  to   space 9728K, 0% used [0x00000000db680000,0x00000000db680000,0x00000000dc000000)
 ParOldGen       total 50688K, used 7400K [0x0000000080000000, 0x0000000083180000, 0x00000000d5580000)
  object space 50688K, 14% used [0x0000000080000000,0x000000008073a020,0x0000000083180000)
 Metaspace       used 29143K, capacity 30126K, committed 30208K, reserved 1079296K
  class space    used 4023K, capacity 4274K, committed 4352K, reserved 1048576K
Event: 4.730 GC heap after
Heap after GC invocations=11 (full 2):
 PSYoungGen      total 73216K, used 0K [0x00000000d5580000, 0x00000000dc000000, 0x0000000100000000)
  eden space 62976K, 0% used [0x00000000d5580000,0x00000000d5580000,0x00000000d9300000)
  from space 10240K, 0% used [0x00000000d9300000,0x00000000d9300000,0x00000000d9d00000)
  to   space 9728K, 0% used [0x00000000db680000,0x00000000db680000,0x00000000dc000000)
 ParOldGen       total 50688K, used 12928K [0x0000000080000000, 0x0000000083180000, 0x00000000d5580000)
  object space 50688K, 25% used [0x0000000080000000,0x0000000080ca0278,0x0000000083180000)
 Metaspace       used 29143K, capacity 30126K, committed 30208K, reserved 1077248K
  class space    used 4023K, capacity 4274K, committed 4352K, reserved 1048576K
}
Event: 5.454 GC heap before
{Heap before GC invocations=12 (full 2):
 PSYoungGen      total 73216K, used 62976K [0x00000000d5580000, 0x00000000dc000000, 0x0000000100000000)
  eden space 62976K, 100% used [0x00000000d5580000,0x00000000d9300000,0x00000000d9300000)
  from space 10240K, 0% used [0x00000000d9300000,0x00000000d9300000,0x00000000d9d00000)
  to   space 9728K, 0% used [0x00000000db680000,0x00000000db680000,0x00000000dc000000)
 ParOldGen       total 50688K, used 12928K [0x0000000080000000, 0x0000000083180000, 0x00000000d5580000)
  object space 50688K, 25% used [0x0000000080000000,0x0000000080ca0278,0x0000000083180000)
 Metaspace       used 33328K, capacity 34504K, committed 34560K, reserved 1079296K
  class space    used 4510K, capacity 4831K, committed 4864K, reserved 1048576K
Event: 5.463 GC heap after
Heap after GC invocations=12 (full 2):
 PSYoungGen      total 87552K, used 6093K [0x00000000d5580000, 0x00000000dbc80000, 0x0000000100000000)
  eden space 81408K, 0% used [0x00000000d5580000,0x00000000d5580000,0x00000000da500000)
  from space 6144K, 99% used [0x00000000db680000,0x00000000dbc73510,0x00000000dbc80000)
  to   space 9216K, 0% used [0x00000000daa80000,0x00000000daa80000,0x00000000db380000)
 ParOldGen       total 50688K, used 12936K [0x0000000080000000, 0x0000000083180000, 0x00000000d5580000)
  object space 50688K, 25% used [0x0000000080000000,0x0000000080ca2278,0x0000000083180000)
 Metaspace       used 33328K, capacity 34504K, committed 34560K, reserved 1079296K
  class space    used 4510K, capacity 4831K, committed 4864K, reserved 1048576K
}
Event: 6.410 GC heap before
{Heap before GC invocations=13 (full 2):
 PSYoungGen      total 87552K, used 87501K [0x00000000d5580000, 0x00000000dbc80000, 0x0000000100000000)
  eden space 81408K, 100% used [0x00000000d5580000,0x00000000da500000,0x00000000da500000)
  from space 6144K, 99% used [0x00000000db680000,0x00000000dbc73510,0x00000000dbc80000)
  to   space 9216K, 0% used [0x00000000daa80000,0x00000000daa80000,0x00000000db380000)
 ParOldGen       total 50688K, used 12936K [0x0000000080000000, 0x0000000083180000, 0x00000000d5580000)
  object space 50688K, 25% used [0x0000000080000000,0x0000000080ca2278,0x0000000083180000)
 Metaspace       used 37000K, capacity 38524K, committed 38784K, reserved 1083392K
  class space    used 5088K, capacity 5411K, committed 5504K, reserved 1048576K
Event: 6.431 GC heap after
Heap after GC invocations=13 (full 2):
 PSYoungGen      total 90624K, used 9185K [0x00000000d5580000, 0x00000000dbc80000, 0x0000000100000000)
  eden space 81408K, 0% used [0x00000000d5580000,0x00000000d5580000,0x00000000da500000)
  from space 9216K, 99% used [0x00000000daa80000,0x00000000db3784a0,0x00000000db380000)
  to   space 6144K, 0% used [0x00000000db680000,0x00000000db680000,0x00000000dbc80000)
 ParOldGen       total 50688K, used 14464K [0x0000000080000000, 0x0000000083180000, 0x00000000d5580000)
  object space 50688K, 28% used [0x0000000080000000,0x0000000080e20048,0x0000000083180000)
 Metaspace       used 37000K, capacity 38524K, committed 38784K, reserved 1083392K
  class space    used 5088K, capacity 5411K, committed 5504K, reserved 1048576K
}

