# JRE version: OpenJDK Runtime Environment (8.0_242-b01) (build 1.8.0_242-release-1644-b01)
# Java VM: OpenJDK 64-Bit Server VM (25.242-b01 mixed mode windows-amd64 compressed oops)
Heap:
 PSYoungGen      total 300544K, used 64591K [0x00000000d5580000, 0x00000000ece80000, 0x0000000100000000)
  eden space 258560K, 9% used [0x00000000d5580000,0x00000000d6e0e490,0x00000000e5200000)
  from space 41984K, 93% used [0x00000000e5200000,0x00000000e7885828,0x00000000e7b00000)
  to   space 47616K, 0% used [0x00000000ea000000,0x00000000ea000000,0x00000000ece80000)
 ParOldGen       total 124416K, used 80463K [0x0000000080000000, 0x0000000087980000, 0x00000000d5580000)
  object space 124416K, 64% used [0x0000000080000000,0x0000000084e93df8,0x0000000087980000)
 Metaspace       used 94472K, capacity 98432K, committed 98584K, reserved 1134592K
  class space    used 12330K, capacity 13080K, committed 13104K, reserved 1048576K
GC Heap History (10 events):
Event: 13.271 GC heap before
{Heap before GC invocations=16 (full 3):
 PSYoungGen      total 206336K, used 186368K [0x00000000d5580000, 0x00000000e3480000, 0x0000000100000000)
  eden space 186368K, 100% used [0x00000000d5580000,0x00000000e0b80000,0x00000000e0b80000)
  from space 19968K, 0% used [0x00000000e1f80000,0x00000000e1f80000,0x00000000e3300000)
  to   space 20480K, 0% used [0x00000000e0b80000,0x00000000e0b80000,0x00000000e1f80000)
 ParOldGen       total 124416K, used 32861K [0x0000000080000000, 0x0000000087980000, 0x00000000d5580000)
  object space 124416K, 26% used [0x0000000080000000,0x00000000820176e0,0x0000000087980000)
 Metaspace       used 69068K, capacity 72040K, committed 72216K, reserved 1112064K
  class space    used 9343K, capacity 9919K, committed 10032K, reserved 1048576K
Event: 13.314 GC heap after
Heap after GC invocations=16 (full 3):
 PSYoungGen      total 206848K, used 20420K [0x00000000d5580000, 0x00000000e6100000, 0x0000000100000000)
  eden space 186368K, 0% used [0x00000000d5580000,0x00000000d5580000,0x00000000e0b80000)
  from space 20480K, 99% used [0x00000000e0b80000,0x00000000e1f71220,0x00000000e1f80000)
  to   space 23552K, 0% used [0x00000000e4a00000,0x00000000e4a00000,0x00000000e6100000)
 ParOldGen       total 124416K, used 32861K [0x0000000080000000, 0x0000000087980000, 0x00000000d5580000)
  object space 124416K, 26% used [0x0000000080000000,0x00000000820176e0,0x0000000087980000)
 Metaspace       used 69068K, capacity 72040K, committed 72216K, reserved 1112064K
  class space    used 9343K, capacity 9919K, committed 10032K, reserved 1048576K
}
Event: 15.988 GC heap before
{Heap before GC invocations=17 (full 3):
 PSYoungGen      total 206848K, used 206788K [0x00000000d5580000, 0x00000000e6100000, 0x0000000100000000)
  eden space 186368K, 100% used [0x00000000d5580000,0x00000000e0b80000,0x00000000e0b80000)
  from space 20480K, 99% used [0x00000000e0b80000,0x00000000e1f71220,0x00000000e1f80000)
  to   space 23552K, 0% used [0x00000000e4a00000,0x00000000e4a00000,0x00000000e6100000)
 ParOldGen       total 124416K, used 32861K [0x0000000080000000, 0x0000000087980000, 0x00000000d5580000)
  object space 124416K, 26% used [0x0000000080000000,0x00000000820176e0,0x0000000087980000)
 Metaspace       used 71566K, capacity 74594K, committed 74776K, reserved 1114112K
  class space    used 9604K, capacity 10184K, committed 10288K, reserved 1048576K
Event: 16.077 GC heap after
Heap after GC invocations=17 (full 3):
 PSYoungGen      total 238080K, used 23524K [0x00000000d5580000, 0x00000000e7c00000, 0x0000000100000000)
  eden space 214528K, 0% used [0x00000000d5580000,0x00000000d5580000,0x00000000e2700000)
  from space 23552K, 99% used [0x00000000e4a00000,0x00000000e60f93a0,0x00000000e6100000)
  to   space 35840K, 0% used [0x00000000e2700000,0x00000000e2700000,0x00000000e4a00000)
 ParOldGen       total 124416K, used 57020K [0x0000000080000000, 0x0000000087980000, 0x00000000d5580000)
  object space 124416K, 45% used [0x0000000080000000,0x00000000837af398,0x0000000087980000)
 Metaspace       used 71566K, capacity 74594K, committed 74776K, reserved 1114112K
  class space    used 9604K, capacity 10184K, committed 10288K, reserved 1048576K
}
Event: 20.781 GC heap before
{Heap before GC invocations=18 (full 3):
 PSYoungGen      total 238080K, used 238052K [0x00000000d5580000, 0x00000000e7c00000, 0x0000000100000000)
  eden space 214528K, 100% used [0x00000000d5580000,0x00000000e2700000,0x00000000e2700000)
  from space 23552K, 99% used [0x00000000e4a00000,0x00000000e60f93a0,0x00000000e6100000)
  to   space 35840K, 0% used [0x00000000e2700000,0x00000000e2700000,0x00000000e4a00000)
 ParOldGen       total 124416K, used 57020K [0x0000000080000000, 0x0000000087980000, 0x00000000d5580000)
  object space 124416K, 45% used [0x0000000080000000,0x00000000837af398,0x0000000087980000)
 Metaspace       used 76166K, capacity 79544K, committed 79640K, reserved 1118208K
  class space    used 10138K, capacity 10759K, committed 10800K, reserved 1048576K
Event: 20.822 GC heap after
Heap after GC invocations=18 (full 3):
 PSYoungGen      total 250368K, used 35835K [0x00000000d5580000, 0x00000000ea500000, 0x0000000100000000)
  eden space 214528K, 0% used [0x00000000d5580000,0x00000000d5580000,0x00000000e2700000)
  from space 35840K, 99% used [0x00000000e2700000,0x00000000e49fee40,0x00000000e4a00000)
  to   space 41984K, 0% used [0x00000000e7c00000,0x00000000e7c00000,0x00000000ea500000)
 ParOldGen       total 124416K, used 57337K [0x0000000080000000, 0x0000000087980000, 0x00000000d5580000)
  object space 124416K, 46% used [0x0000000080000000,0x00000000837fe760,0x0000000087980000)
 Metaspace       used 76166K, capacity 79544K, committed 79640K, reserved 1118208K
  class space    used 10138K, capacity 10759K, committed 10800K, reserved 1048576K
}
Event: 24.466 GC heap before
{Heap before GC invocations=19 (full 3):
 PSYoungGen      total 250368K, used 250363K [0x00000000d5580000, 0x00000000ea500000, 0x0000000100000000)
  eden space 214528K, 100% used [0x00000000d5580000,0x00000000e2700000,0x00000000e2700000)
  from space 35840K, 99% used [0x00000000e2700000,0x00000000e49fee40,0x00000000e4a00000)
  to   space 41984K, 0% used [0x00000000e7c00000,0x00000000e7c00000,0x00000000ea500000)
 ParOldGen       total 124416K, used 57337K [0x0000000080000000, 0x0000000087980000, 0x00000000d5580000)
  object space 124416K, 46% used [0x0000000080000000,0x00000000837fe760,0x0000000087980000)
 Metaspace       used 82454K, capacity 86018K, committed 86168K, reserved 1124352K
  class space    used 10920K, capacity 11620K, committed 11696K, reserved 1048576K
Event: 24.533 GC heap after
Heap after GC invocations=19 (full 3):
 PSYoungGen      total 299520K, used 24086K [0x00000000d5580000, 0x00000000ea400000, 0x0000000100000000)
  eden space 258560K, 0% used [0x00000000d5580000,0x00000000d5580000,0x00000000e5200000)
  from space 40960K, 58% used [0x00000000e7c00000,0x00000000e9385908,0x00000000ea400000)
  to   space 41984K, 0% used [0x00000000e5200000,0x00000000e5200000,0x00000000e7b00000)
 ParOldGen       total 124416K, used 80453K [0x0000000080000000, 0x0000000087980000, 0x00000000d5580000)
  object space 124416K, 64% used [0x0000000080000000,0x0000000084e91488,0x0000000087980000)
 Metaspace       used 82454K, capacity 86018K, committed 86168K, reserved 1124352K
  class space    used 10920K, capacity 11620K, committed 11696K, reserved 1048576K
}
Event: 33.957 GC heap before
{Heap before GC invocations=20 (full 3):
 PSYoungGen      total 299520K, used 282646K [0x00000000d5580000, 0x00000000ea400000, 0x0000000100000000)
  eden space 258560K, 100% used [0x00000000d5580000,0x00000000e5200000,0x00000000e5200000)
  from space 40960K, 58% used [0x00000000e7c00000,0x00000000e9385908,0x00000000ea400000)
  to   space 41984K, 0% used [0x00000000e5200000,0x00000000e5200000,0x00000000e7b00000)
 ParOldGen       total 124416K, used 80455K [0x0000000080000000, 0x0000000087980000, 0x00000000d5580000)
  object space 124416K, 64% used [0x0000000080000000,0x0000000084e91df8,0x0000000087980000)
 Metaspace       used 93684K, capacity 97592K, committed 97688K, reserved 1134592K
  class space    used 12209K, capacity 12954K, committed 12976K, reserved 1048576K
Event: 34.047 GC heap after
Heap after GC invocations=20 (full 3):
 PSYoungGen      total 300544K, used 39446K [0x00000000d5580000, 0x00000000ece80000, 0x0000000100000000)
  eden space 258560K, 0% used [0x00000000d5580000,0x00000000d5580000,0x00000000e5200000)
  from space 41984K, 93% used [0x00000000e5200000,0x00000000e7885828,0x00000000e7b00000)
  to   space 47616K, 0% used [0x00000000ea000000,0x00000000ea000000,0x00000000ece80000)
 ParOldGen       total 124416K, used 80463K [0x0000000080000000, 0x0000000087980000, 0x00000000d5580000)
  object space 124416K, 64% used [0x0000000080000000,0x0000000084e93df8,0x0000000087980000)
 Metaspace       used 93684K, capacity 97592K, committed 97688K, reserved 1134592K
  class space    used 12209K, capacity 12954K, committed 12976K, reserved 1048576K
}

