# JRE version: OpenJDK Runtime Environment (8.0_242-b01) (build 1.8.0_242-release-1644-b01)
# Java VM: OpenJDK 64-Bit Server VM (25.242-b01 mixed mode windows-amd64 compressed oops)
Heap:
 PSYoungGen      total 101376K, used 7045K [0x00000000d5580000, 0x00000000dc480000, 0x0000000100000000)
  eden space 90112K, 0% used [0x00000000d5580000,0x00000000d5580000,0x00000000dad80000)
  from space 11264K, 62% used [0x00000000db880000,0x00000000dbf614e8,0x00000000dc380000)
  to   space 11264K, 0% used [0x00000000dad80000,0x00000000dad80000,0x00000000db880000)
 ParOldGen       total 50176K, used 9949K [0x0000000080000000, 0x0000000083100000, 0x00000000d5580000)
  object space 50176K, 19% used [0x0000000080000000,0x00000000809b7648,0x0000000083100000)
 Metaspace       used 34120K, capacity 35334K, committed 35456K, reserved 1079296K
  class space    used 4592K, capacity 4912K, committed 4992K, reserved 1048576K
GC Heap History (10 events):
Event: 3.856 GC heap after
Heap after GC invocations=7 (full 0):
 PSYoungGen      total 72704K, used 4821K [0x00000000d5580000, 0x00000000da880000, 0x0000000100000000)
  eden space 61952K, 0% used [0x00000000d5580000,0x00000000d5580000,0x00000000d9200000)
  from space 10752K, 44% used [0x00000000d9200000,0x00000000d96b54d8,0x00000000d9c80000)
  to   space 9216K, 0% used [0x00000000d9c80000,0x00000000d9c80000,0x00000000da580000)
 ParOldGen       total 84992K, used 7568K [0x0000000080000000, 0x0000000085300000, 0x00000000d5580000)
  object space 84992K, 8% used [0x0000000080000000,0x00000000807642b8,0x0000000085300000)
 Metaspace       used 20511K, capacity 21218K, committed 21296K, reserved 1067008K
  class space    used 2858K, capacity 3039K, committed 3072K, reserved 1048576K
}
Event: 3.856 GC heap before
{Heap before GC invocations=8 (full 1):
 PSYoungGen      total 72704K, used 4821K [0x00000000d5580000, 0x00000000da880000, 0x0000000100000000)
  eden space 61952K, 0% used [0x00000000d5580000,0x00000000d5580000,0x00000000d9200000)
  from space 10752K, 44% used [0x00000000d9200000,0x00000000d96b54d8,0x00000000d9c80000)
  to   space 9216K, 0% used [0x00000000d9c80000,0x00000000d9c80000,0x00000000da580000)
 ParOldGen       total 84992K, used 7568K [0x0000000080000000, 0x0000000085300000, 0x00000000d5580000)
  object space 84992K, 8% used [0x0000000080000000,0x00000000807642b8,0x0000000085300000)
 Metaspace       used 20511K, capacity 21218K, committed 21296K, reserved 1067008K
  class space    used 2858K, capacity 3039K, committed 3072K, reserved 1048576K
Event: 3.907 GC heap after
Heap after GC invocations=8 (full 1):
 PSYoungGen      total 72704K, used 0K [0x00000000d5580000, 0x00000000da880000, 0x0000000100000000)
  eden space 61952K, 0% used [0x00000000d5580000,0x00000000d5580000,0x00000000d9200000)
  from space 10752K, 0% used [0x00000000d9200000,0x00000000d9200000,0x00000000d9c80000)
  to   space 9216K, 0% used [0x00000000d9c80000,0x00000000d9c80000,0x00000000da580000)
 ParOldGen       total 50176K, used 7369K [0x0000000080000000, 0x0000000083100000, 0x00000000d5580000)
  object space 50176K, 14% used [0x0000000080000000,0x0000000080732458,0x0000000083100000)
 Metaspace       used 20511K, capacity 21218K, committed 21296K, reserved 1067008K
  class space    used 2858K, capacity 3039K, committed 3072K, reserved 1048576K
}
Event: 4.663 GC heap before
{Heap before GC invocations=9 (full 1):
 PSYoungGen      total 72704K, used 61952K [0x00000000d5580000, 0x00000000da880000, 0x0000000100000000)
  eden space 61952K, 100% used [0x00000000d5580000,0x00000000d9200000,0x00000000d9200000)
  from space 10752K, 0% used [0x00000000d9200000,0x00000000d9200000,0x00000000d9c80000)
  to   space 9216K, 0% used [0x00000000d9c80000,0x00000000d9c80000,0x00000000da580000)
 ParOldGen       total 50176K, used 7369K [0x0000000080000000, 0x0000000083100000, 0x00000000d5580000)
  object space 50176K, 14% used [0x0000000080000000,0x0000000080732458,0x0000000083100000)
 Metaspace       used 25070K, capacity 26074K, committed 26112K, reserved 1071104K
  class space    used 3576K, capacity 3819K, committed 3840K, reserved 1048576K
Event: 4.671 GC heap after
Heap after GC invocations=9 (full 1):
 PSYoungGen      total 72192K, used 6150K [0x00000000d5580000, 0x00000000dd180000, 0x0000000100000000)
  eden space 62976K, 0% used [0x00000000d5580000,0x00000000d5580000,0x00000000d9300000)
  from space 9216K, 66% used [0x00000000d9c80000,0x00000000da281880,0x00000000da580000)
  to   space 9728K, 0% used [0x00000000d9300000,0x00000000d9300000,0x00000000d9c80000)
 ParOldGen       total 50176K, used 7377K [0x0000000080000000, 0x0000000083100000, 0x00000000d5580000)
  object space 50176K, 14% used [0x0000000080000000,0x0000000080734458,0x0000000083100000)
 Metaspace       used 25070K, capacity 26074K, committed 26112K, reserved 1071104K
  class space    used 3576K, capacity 3819K, committed 3840K, reserved 1048576K
}
Event: 5.547 GC heap before
{Heap before GC invocations=10 (full 1):
 PSYoungGen      total 72192K, used 69126K [0x00000000d5580000, 0x00000000dd180000, 0x0000000100000000)
  eden space 62976K, 100% used [0x00000000d5580000,0x00000000d9300000,0x00000000d9300000)
  from space 9216K, 66% used [0x00000000d9c80000,0x00000000da281880,0x00000000da580000)
  to   space 9728K, 0% used [0x00000000d9300000,0x00000000d9300000,0x00000000d9c80000)
 ParOldGen       total 50176K, used 7377K [0x0000000080000000, 0x0000000083100000, 0x00000000d5580000)
  object space 50176K, 14% used [0x0000000080000000,0x0000000080734458,0x0000000083100000)
 Metaspace       used 32900K, capacity 34028K, committed 34304K, reserved 1079296K
  class space    used 4440K, capacity 4745K, committed 4864K, reserved 1048576K
Event: 5.566 GC heap after
Heap after GC invocations=10 (full 1):
 PSYoungGen      total 72704K, used 9719K [0x00000000d5580000, 0x00000000dc380000, 0x0000000100000000)
  eden space 62976K, 0% used [0x00000000d5580000,0x00000000d5580000,0x00000000d9300000)
  from space 9728K, 99% used [0x00000000d9300000,0x00000000d9c7dd50,0x00000000d9c80000)
  to   space 11264K, 0% used [0x00000000db880000,0x00000000db880000,0x00000000dc380000)
 ParOldGen       total 50176K, used 7795K [0x0000000080000000, 0x0000000083100000, 0x00000000d5580000)
  object space 50176K, 15% used [0x0000000080000000,0x000000008079cc48,0x0000000083100000)
 Metaspace       used 32900K, capacity 34028K, committed 34304K, reserved 1079296K
  class space    used 4440K, capacity 4745K, committed 4864K, reserved 1048576K
}
Event: 5.978 GC heap before
{Heap before GC invocations=11 (full 1):
 PSYoungGen      total 72704K, used 40292K [0x00000000d5580000, 0x00000000dc380000, 0x0000000100000000)
  eden space 62976K, 48% used [0x00000000d5580000,0x00000000d735b318,0x00000000d9300000)
  from space 9728K, 99% used [0x00000000d9300000,0x00000000d9c7dd50,0x00000000d9c80000)
  to   space 11264K, 0% used [0x00000000db880000,0x00000000db880000,0x00000000dc380000)
 ParOldGen       total 50176K, used 7795K [0x0000000080000000, 0x0000000083100000, 0x00000000d5580000)
  object space 50176K, 15% used [0x0000000080000000,0x000000008079cc48,0x0000000083100000)
 Metaspace       used 34120K, capacity 35334K, committed 35456K, reserved 1079296K
  class space    used 4592K, capacity 4912K, committed 4992K, reserved 1048576K
Event: 6.001 GC heap after
Heap after GC invocations=11 (full 1):
 PSYoungGen      total 101376K, used 7045K [0x00000000d5580000, 0x00000000dc480000, 0x0000000100000000)
  eden space 90112K, 0% used [0x00000000d5580000,0x00000000d5580000,0x00000000dad80000)
  from space 11264K, 62% used [0x00000000db880000,0x00000000dbf614e8,0x00000000dc380000)
  to   space 11264K, 0% used [0x00000000dad80000,0x00000000dad80000,0x00000000db880000)
 ParOldGen       total 50176K, used 9949K [0x0000000080000000, 0x0000000083100000, 0x00000000d5580000)
  object space 50176K, 19% used [0x0000000080000000,0x00000000809b7648,0x0000000083100000)
 Metaspace       used 34120K, capacity 35334K, committed 35456K, reserved 1079296K
  class space    used 4592K, capacity 4912K, committed 4992K, reserved 1048576K
}
Event: 6.001 GC heap before
{Heap before GC invocations=12 (full 2):
 PSYoungGen      total 101376K, used 7045K [0x00000000d5580000, 0x00000000dc480000, 0x0000000100000000)
  eden space 90112K, 0% used [0x00000000d5580000,0x00000000d5580000,0x00000000dad80000)
  from space 11264K, 62% used [0x00000000db880000,0x00000000dbf614e8,0x00000000dc380000)
  to   space 11264K, 0% used [0x00000000dad80000,0x00000000dad80000,0x00000000db880000)
 ParOldGen       total 50176K, used 9949K [0x0000000080000000, 0x0000000083100000, 0x00000000d5580000)
  object space 50176K, 19% used [0x0000000080000000,0x00000000809b7648,0x0000000083100000)
 Metaspace       used 34120K, capacity 35334K, committed 35456K, reserved 1079296K
  class space    used 4592K, capacity 4912K, committed 4992K, reserved 1048576K

